2011-09-21 17:06:37	I	msg:<***>	Logger startup
2011-09-21 17:06:37	I	msg:<***>	version 2.0.0.51
2011-09-21 17:06:37	D	msg:<***>	
2011-09-21 17:06:37	I	msg:***************************************************************
2011-09-21 17:06:37	I	msg:** TRANScast Distributed Network Audio Content Provider
2011-09-21 17:06:37	I	msg:** Copyright (C) 2000-2011 Nullsoft, Inc.  All Rights Reserved.
2011-09-21 17:06:37	I	msg:** Use "sc_trans filename.conf" to specify a config file.
2011-09-21 17:06:37	I	msg:***************************************************************
2011-09-21 17:06:37	I	msg:[TRANSCast] DNAS/posix(linux x86) v2.0.0.51 (Jul 29 2011) starting up...
2011-09-21 17:06:37	I	msg:[MAIN] PID: 18602
2011-09-21 17:06:37	I	msg:[MAIN] Loaded config from sc_trans_dj.conf
2011-09-21 17:06:37	I	msg:[MAIN] TimeMultiplier = 1, TimeShift = 0
2011-09-21 17:06:37	I	msg:[CALENDARMGR] Adding DJ event: m_djName=dj  m_archive=1  m_id=1 m_startDate=year:0,mon:0,mday:0,hour:0,min:0,sec:0,isdst:0,wday:0,yday:0 m_endDate=year:0,mon:0,mday:0,hour:0,min:0,sec:0,isdst:0,wday:0,yday:0 m_duration=0 m_timeOffset=year:0,mon:0,mday:0,hour:0,min:0,sec:0,isdst:0,wday:0,yday:0 m_hasStartDate=0 m_hasEndDate=0 m_hasDuration=0 m_hasTimeOffset=0 m_repeat=0
2011-09-21 17:06:37	I	msg:[VUPUSH] 101 VU images loaded for left channel
2011-09-21 17:06:37	I	msg:[VUPUSH] 101 VU images loaded for right channel
2011-09-21 17:06:37	I	msg:[PLAYLISTMGR] Playlist load from file playlists/main.lst
2011-09-21 17:06:37	I	msg:[PLAYLISTMGR] Caching playlist playlists/main.lst
2011-09-21 17:06:37	I	msg:[PLAYLISTMGR] Load complete
2011-09-21 17:06:37	I	msg:[MAIN] Streaming thread starting
2011-09-21 17:06:37	I	msg:[SOURCERELAY] Thread starting
2011-09-21 17:06:37	I	msg:[RESAMPLER] Deactivated 44100/2 == 44100/2
2011-09-21 17:06:37	I	msg:[SOURCEANDENDPOINTMANAGER] Encoder thread 1 starting
2011-09-21 17:06:37	I	msg:[SOURCEANDENDPOINTMANAGER] Broadcast thread 1 starting
2011-09-21 17:06:37	I	msg:[MAIN] Playlist decoder thread starting
2011-09-21 17:06:37	I	msg:[RGCALC] Thread running
2011-09-21 17:06:37	I	msg:[MICROSERVER] Listening for connection on port 8505
2011-09-21 17:06:37	I	msg:[DECODE] Giving replay gain calculator a head start
2011-09-21 17:06:37	I	msg:[DECODE] Begin decoding
2011-09-21 17:06:37	I	msg:[MAIN] SHOUTcast 2 receiver thread starting
2011-09-21 17:06:37	I	msg:[UVOX2] 1355950090 Giving replay gain calculator a head start
2011-09-21 17:06:37	I	msg:[UVOX2] 1355950090 Running
2011-09-21 17:06:37	I	msg:[UVOX2] 1355950090 Creating stream socket
2011-09-21 17:06:37	I	msg:[UVOX2] 1355950090 Connecting to stream host
2011-09-21 17:06:37	I	msg:[MICROSERVER] Listening for connection on port 8501
2011-09-21 17:06:37	I	msg:[MAIN] Broadcast Receiver thread starting
2011-09-21 17:06:37	I	msg:[AAC] AAC setup complete
2011-09-21 17:06:37	I	msg:[UVOX2] 1355950090 Sending Ultravox 2.1 authentication
2011-09-21 17:06:37	I	msg:[UVOX2] 1355950090 Mime type
2011-09-21 17:06:37	I	msg:[UVOX2] 1355950090 Broadcast setup
2011-09-21 17:06:37	I	msg:[UVOX2] 1355950090 Negotiating buffer sizes
2011-09-21 17:06:37	I	msg:[UVOX2] 1355950090 Negotiated buffer size is 140KB
2011-09-21 17:06:37	I	msg:[UVOX2] 1355950090 Negotiating payload sizes
2011-09-21 17:06:37	I	msg:[UVOX2] 1355950090 Negotiated payload size is 16377
2011-09-21 17:06:37	I	msg:[UVOX2] 1355950090 Configuring ICY-NAME [Jonny two ninety]
2011-09-21 17:06:37	I	msg:[UVOX2] 1355950090 Configuring ICY-GENRE [Misc]
2011-09-21 17:06:37	I	msg:[UVOX2] 1355950090 Configuring ICY-URL [http://www.cattes.us/]
2011-09-21 17:06:37	I	msg:[UVOX2] 1355950090 Configuring ICY-PUB [0]
2011-09-21 17:06:37	I	msg:[UVOX2] 1355950090 Flush metadata
2011-09-21 17:06:37	I	msg:[UVOX2] 1355950090 Standby
2011-09-21 17:06:37	I	msg:[UVOX2] 1355950090 Streaming
2011-09-21 17:06:39	I	msg:[DECODE] Next file is /home/alan/Music/uploads/07_That_s_My_Bitch_1.mp3
2011-09-21 17:06:39	W	msg:[MP3 DECODE] 2004554503 Could not calculate file length
2011-09-21 17:06:39	W	msg:[MP3 DECODE] 112745573 Could not calculate file length
2011-09-21 17:06:39	W	msg:Could not load metadata because could not open file #!/home/alan/.virtualenvs/shoutcast/bin/python /home/alan/coding/shoutcast-web/shoutcast/manage.py queue
2011-09-21 17:06:39	I	msg:[UVOX2] 1355950090 Sending metadata 3902 [229 bytes] content=
<?xml version="1.0" encoding="UTF-8" ?>
<metadata>
<TIT2>07_That_s_My_Bitch_1</TIT2>
<extension>
	<title seq="1">07_That_s_My_Bitch_1</title>
	<title seq="2">manage</title>
	<title seq="3">manage</title>
</extension>
</metadata>

2011-09-21 17:09:25	I	msg:[DECODE] Next file is /home/alan/Music/uploads/01_No_Church_In_The_Wild_feat__Frank_Ocean.mp3
2011-09-21 17:09:25	W	msg:[MP3 DECODE] 2066685580 Could not calculate file length
2011-09-21 17:09:25	W	msg:[MP3 DECODE] 1733002405 Could not calculate file length
2011-09-21 17:09:25	W	msg:Could not load metadata because could not open file #!/home/alan/.virtualenvs/shoutcast/bin/python /home/alan/coding/shoutcast-web/shoutcast/manage.py queue
2011-09-21 17:10:01	I	msg:[UVOX2] 1355950090 Sending metadata 3902 [325 bytes] content=
<?xml version="1.0" encoding="UTF-8" ?>
<metadata>
<TIT2>01_No_Church_In_The_Wild_feat__Frank_Ocean</TIT2>
<extension>
	<title seq="1">01_No_Church_In_The_Wild_feat__Frank_Ocean</title>
	<title seq="2">manage</title>
	<title seq="3">manage</title>
	<title seq="4">manage</title>
	<soon>manage</soon>
</extension>
</metadata>

2011-09-21 17:12:10	I	msg:[MAIN] Exiting loop
2011-09-21 17:12:10	I	msg:[AAC] Exiting encoder thread
2011-09-21 17:12:10	I	msg:[DECODE] Exiting decoder thread
2011-09-21 17:12:10	I	msg:[RGCALC] Thread exiting
2011-09-21 17:12:11	I	msg:[RESAMPLER] tIn=369.319 tOut=369.319 bIn=65147904 bOut=65147904
2011-09-21 17:12:11	I	msg:[CROSSFADER] in=369.319 out=368.319
2011-09-21 17:12:11	I	msg:<***>	Logger shutdown
