2011-09-22 18:38:09	I	msg:<***>	Logger startup
2011-09-22 18:38:09	I	msg:<***>	version 2.0.0.51
2011-09-22 18:38:09	D	msg:<***>	
2011-09-22 18:38:09	I	msg:***************************************************************
2011-09-22 18:38:09	I	msg:** TRANScast Distributed Network Audio Content Provider
2011-09-22 18:38:09	I	msg:** Copyright (C) 2000-2011 Nullsoft, Inc.  All Rights Reserved.
2011-09-22 18:38:09	I	msg:** Use "sc_trans filename.conf" to specify a config file.
2011-09-22 18:38:09	I	msg:***************************************************************
2011-09-22 18:38:09	I	msg:[TRANSCast] DNAS/posix(linux x86) v2.0.0.51 (Jul 29 2011) starting up...
2011-09-22 18:38:09	I	msg:[MAIN] PID: 30555
2011-09-22 18:38:09	I	msg:[MAIN] Loaded config from sc_trans_dj.conf
2011-09-22 18:38:09	I	msg:[MAIN] TimeMultiplier = 1, TimeShift = 0
2011-09-22 18:38:09	I	msg:[CALENDARMGR] Adding DJ event: m_djName=dj  m_archive=1  m_id=1 m_startDate=year:0,mon:0,mday:0,hour:0,min:0,sec:0,isdst:0,wday:0,yday:0 m_endDate=year:0,mon:0,mday:0,hour:0,min:0,sec:0,isdst:0,wday:0,yday:0 m_duration=0 m_timeOffset=year:0,mon:0,mday:0,hour:0,min:0,sec:0,isdst:0,wday:0,yday:0 m_hasStartDate=0 m_hasEndDate=0 m_hasDuration=0 m_hasTimeOffset=0 m_repeat=0
2011-09-22 18:38:09	I	msg:[VUPUSH] 101 VU images loaded for left channel
2011-09-22 18:38:09	I	msg:[VUPUSH] 101 VU images loaded for right channel
2011-09-22 18:38:09	I	msg:[PLAYLISTMGR] Playlist load from file playlists/main.lst
2011-09-22 18:38:09	I	msg:[PLAYLISTMGR] Caching playlist playlists/main.lst
2011-09-22 18:38:09	I	msg:[PLAYLISTMGR] Load complete
2011-09-22 18:38:09	I	msg:[MAIN] Streaming thread starting
2011-09-22 18:38:09	I	msg:[RESAMPLER] Deactivated 44100/2 == 44100/2
2011-09-22 18:38:09	I	msg:[SOURCEANDENDPOINTMANAGER] Encoder thread 1 starting
2011-09-22 18:38:09	I	msg:[SOURCEANDENDPOINTMANAGER] Broadcast thread 1 starting
2011-09-22 18:38:09	I	msg:[MAIN] Playlist decoder thread starting
2011-09-22 18:38:09	I	msg:[MICROSERVER] Listening for connection on port 8505
2011-09-22 18:38:09	I	msg:[MAIN] SHOUTcast 2 receiver thread starting
2011-09-22 18:38:09	I	msg:[MICROSERVER] Listening for connection on port 8501
2011-09-22 18:38:09	I	msg:[MAIN] Broadcast Receiver thread starting
2011-09-22 18:38:09	I	msg:[DECODE] Giving replay gain calculator a head start
2011-09-22 18:38:09	I	msg:[RGCALC] Thread running
2011-09-22 18:38:09	I	msg:[DECODE] Begin decoding
2011-09-22 18:38:09	I	msg:[SOURCERELAY] Thread starting
2011-09-22 18:38:09	I	msg:[UVOX2] 1847738801 Giving replay gain calculator a head start
2011-09-22 18:38:09	I	msg:[UVOX2] 1847738801 Running
2011-09-22 18:38:09	I	msg:[UVOX2] 1847738801 Creating stream socket
2011-09-22 18:38:09	I	msg:[UVOX2] 1847738801 Connecting to stream host
2011-09-22 18:38:09	I	msg:[UVOX2] 1847738801 Sending Ultravox 2.1 authentication
2011-09-22 18:38:09	I	msg:[UVOX2] 1847738801 Mime type
2011-09-22 18:38:09	I	msg:[UVOX2] 1847738801 Broadcast setup
2011-09-22 18:38:09	I	msg:[UVOX2] 1847738801 Negotiating buffer sizes
2011-09-22 18:38:09	I	msg:[UVOX2] 1847738801 Negotiated buffer size is 480KB
2011-09-22 18:38:09	I	msg:[UVOX2] 1847738801 Negotiating payload sizes
2011-09-22 18:38:09	I	msg:[UVOX2] 1847738801 Negotiated payload size is 16377
2011-09-22 18:38:09	I	msg:[UVOX2] 1847738801 Configuring ICY-NAME [Jonny two ninety]
2011-09-22 18:38:09	I	msg:[UVOX2] 1847738801 Configuring ICY-GENRE [Misc]
2011-09-22 18:38:09	I	msg:[UVOX2] 1847738801 Configuring ICY-URL [http://www.cattes.us/]
2011-09-22 18:38:09	I	msg:[UVOX2] 1847738801 Configuring ICY-PUB [0]
2011-09-22 18:38:09	I	msg:[UVOX2] 1847738801 Flush metadata
2011-09-22 18:38:09	I	msg:[UVOX2] 1847738801 Standby
2011-09-22 18:38:09	I	msg:[UVOX2] 1847738801 Streaming
2011-09-22 18:38:09	I	msg:[AAC] AAC setup complete
2011-09-22 18:38:14	I	msg:[DECODE] Next file is /home/webapps/uploads/uploads/3-10_On_A_Plain_The_Devonshire_Mixes.mp3
2011-09-22 18:38:14	W	msg:Could not load metadata because could not open file #!/home/webapps/.virtualenvs/shoutcast/bin/python /home/webapps/websites/django-shoutcast/shoutcast/manage.py queue
2011-09-22 18:38:14	I	msg:[UVOX2] 1847738801 Sending metadata 3902 [432 bytes] content=
<?xml version="1.0" encoding="UTF-8" ?>
<metadata>
<COMM></COMM>
<TALB>Nevermind (Limited Super Delux</TALB>
<TCON v1="6"></TCON>
<TENC>TRANSCast DNAS/posix(linux x86) v2.0.0.51</TENC>
<TIT2>On A Plain (The Devonshire Mix</TIT2>
<TPE1>Nirvana</TPE1>
<TYER>2011</TYER>
<extension>
	<title seq="1">Nirvana - On A Plain (The Devonshire Mix</title>
	<title seq="2">manage</title>
	<title seq="3">manage</title>
</extension>
</metadata>

2011-09-22 18:41:29	I	msg:[DECODE] Next file is /home/webapps/uploads/uploads/07._Courtship_Dating_1.mp3
2011-09-22 18:41:29	W	msg:Could not load metadata because could not open file #!/home/webapps/.virtualenvs/shoutcast/bin/python /home/webapps/websites/django-shoutcast/shoutcast/manage.py queue
2011-09-22 18:41:39	I	msg:[UVOX2] 1847738801 Sending metadata 3902 [598 bytes] content=
<?xml version="1.0" encoding="UTF-8" ?>
<metadata>
<TALB>Crystal Castles</TALB>
<TCON>Electronic</TCON>
<TDRC><year>2008</year></TDRC>
<TENC>TRANSCast DNAS/posix(linux x86) v2.0.0.51</TENC>
<TIT2>Courtship Dating</TIT2>
<TLEN>210453</TLEN>
<TPE1>Crystal Castles</TPE1>
<TRCK>07</TRCK>
<TSSE>LAME 32bits version 3.98 (beta 6, Mar 12 2008) (http://www.mp3dev.org/)</TSSE>
<TYER>2008</TYER>
<extension>
	<title seq="1">Crystal Castles - Courtship Dating</title>
	<title seq="2">manage</title>
	<title seq="3">manage</title>
	<title seq="4">manage</title>
	<soon>manage</soon>
</extension>
</metadata>

2011-09-22 18:44:59	I	msg:[DECODE] Next file is /home/webapps/uploads/uploads/2-04_Polly_Smart_Sessions_1.mp3
2011-09-22 18:44:59	W	msg:Could not load metadata because could not open file #!/home/webapps/.virtualenvs/shoutcast/bin/python /home/webapps/websites/django-shoutcast/shoutcast/manage.py queue
2011-09-22 18:45:09	I	msg:[UVOX2] 1847738801 Sending metadata 3902 [556 bytes] content=
<?xml version="1.0" encoding="UTF-8" ?>
<metadata>
<TALB>Nevermind (Limited Super Deluxe Edition) [Disc 2]</TALB>
<TCON v1="17"></TCON>
<TDRC><year>2011</year></TDRC>
<TENC>TRANSCast DNAS/posix(linux x86) v2.0.0.51</TENC>
<TIT2>Polly (Smart Sessions)</TIT2>
<TPE1>Nirvana</TPE1>
<TPOS total="4">2</TPOS>
<TRCK total="18">4</TRCK>
<TYER>2011</TYER>
<extension>
	<title seq="1">Nirvana - Polly (Smart Sessions)</title>
	<title seq="2">manage</title>
	<title seq="3">manage</title>
	<title seq="4">manage</title>
	<soon>manage</soon>
</extension>
</metadata>

2011-09-22 18:47:56	I	msg:[DECODE] Next file is /home/webapps/uploads/uploads/4-12_Lithium_1.mp3
2011-09-22 18:47:56	W	msg:Could not load metadata because could not open file #!/home/webapps/.virtualenvs/shoutcast/bin/python /home/webapps/websites/django-shoutcast/shoutcast/manage.py queue
2011-09-22 18:48:06	I	msg:[UVOX2] 1847738801 Sending metadata 3902 [527 bytes] content=
<?xml version="1.0" encoding="UTF-8" ?>
<metadata>
<TALB>Nevermind (Limited Super Deluxe Edition) [Disc 4]</TALB>
<TCON v1="17"></TCON>
<TDRC><year>2011</year></TDRC>
<TENC>TRANSCast DNAS/posix(linux x86) v2.0.0.51</TENC>
<TIT2>Lithium</TIT2>
<TPE1>Nirvana</TPE1>
<TPOS total="4">4</TPOS>
<TRCK total="19">12</TRCK>
<TYER>2011</TYER>
<extension>
	<title seq="1">Nirvana - Lithium</title>
	<title seq="2">manage</title>
	<title seq="3">manage</title>
	<title seq="4">manage</title>
	<soon>manage</soon>
</extension>
</metadata>

2011-09-22 18:52:33	I	msg:[DECODE] Next file is /home/webapps/uploads/uploads/16._Tell_Me_What_to_Swallow_1.mp3
2011-09-22 18:52:33	W	msg:Could not load metadata because could not open file #!/home/webapps/.virtualenvs/shoutcast/bin/python /home/webapps/websites/django-shoutcast/shoutcast/manage.py queue
2011-09-22 18:52:43	I	msg:[UVOX2] 1847738801 Sending metadata 3902 [612 bytes] content=
<?xml version="1.0" encoding="UTF-8" ?>
<metadata>
<TALB>Crystal Castles</TALB>
<TCON>Electronic</TCON>
<TDRC><year>2008</year></TDRC>
<TENC>TRANSCast DNAS/posix(linux x86) v2.0.0.51</TENC>
<TIT2>Tell Me What to Swallow</TIT2>
<TLEN>136853</TLEN>
<TPE1>Crystal Castles</TPE1>
<TRCK>16</TRCK>
<TSSE>LAME 32bits version 3.98 (beta 6, Mar 12 2008) (http://www.mp3dev.org/)</TSSE>
<TYER>2008</TYER>
<extension>
	<title seq="1">Crystal Castles - Tell Me What to Swallow</title>
	<title seq="2">manage</title>
	<title seq="3">manage</title>
	<title seq="4">manage</title>
	<soon>manage</soon>
</extension>
</metadata>

2011-09-22 18:54:47	I	msg:[DECODE] Next file is /home/webapps/uploads/uploads/01_-_Release_Verona_Italy_9-16-06.mp3
2011-09-22 18:54:47	W	msg:Could not load metadata because could not open file #!/home/webapps/.virtualenvs/shoutcast/bin/python /home/webapps/websites/django-shoutcast/shoutcast/manage.py queue
2011-09-22 18:54:57	I	msg:[UVOX2] 1847738801 Sending metadata 3902 [555 bytes] content=
<?xml version="1.0" encoding="UTF-8" ?>
<metadata>
<TALB>Pearl Jam Twenty [Disc 1 - From the Film &apos;PJ20&apos;]</TALB>
<TCON>Alternative</TCON>
<TDRC><year>2011</year></TDRC>
<TENC>TRANSCast DNAS/posix(linux x86) v2.0.0.51</TENC>
<TIT2>Release (Verona, Italy 9-16-06)</TIT2>
<TPE1>Pearl Jam</TPE1>
<TRCK>01</TRCK>
<TYER>2011</TYER>
<extension>
	<title seq="1">Pearl Jam - Release (Verona, Italy 9-16-06)</title>
	<title seq="2">manage</title>
	<title seq="3">manage</title>
	<title seq="4">manage</title>
	<soon>manage</soon>
</extension>
</metadata>

2011-09-22 18:59:33	I	msg:[DECODE] Next file is /home/webapps/uploads/uploads/10_-_Thumbing_My_Way_Chop_Suey_Seattle_9-6-02.mp3
2011-09-22 18:59:33	W	msg:Could not load metadata because could not open file #!/home/webapps/.virtualenvs/shoutcast/bin/python /home/webapps/websites/django-shoutcast/shoutcast/manage.py queue
2011-09-22 18:59:43	I	msg:[UVOX2] 1847738801 Sending metadata 3902 [579 bytes] content=
<?xml version="1.0" encoding="UTF-8" ?>
<metadata>
<TALB>Pearl Jam Twenty [Disc 1 - From the Film &apos;PJ20&apos;]</TALB>
<TCON>Alternative</TCON>
<TDRC><year>2011</year></TDRC>
<TENC>TRANSCast DNAS/posix(linux x86) v2.0.0.51</TENC>
<TIT2>Thumbing My Way (Chop Suey, Seattle 9-6-02)</TIT2>
<TPE1>Pearl Jam</TPE1>
<TRCK>10</TRCK>
<TYER>2011</TYER>
<extension>
	<title seq="1">Pearl Jam - Thumbing My Way (Chop Suey, Seattle 9-6-02)</title>
	<title seq="2">manage</title>
	<title seq="3">manage</title>
	<title seq="4">manage</title>
	<soon>manage</soon>
</extension>
</metadata>

2011-09-22 19:03:55	I	msg:[DECODE] Next file is /home/webapps/uploads/uploads/10._Vanished_1.mp3
2011-09-22 19:03:55	W	msg:Could not load metadata because could not open file #!/home/webapps/.virtualenvs/shoutcast/bin/python /home/webapps/websites/django-shoutcast/shoutcast/manage.py queue
2011-09-22 19:04:05	I	msg:[UVOX2] 1847738801 Sending metadata 3902 [582 bytes] content=
<?xml version="1.0" encoding="UTF-8" ?>
<metadata>
<TALB>Crystal Castles</TALB>
<TCON>Electronic</TCON>
<TDRC><year>2008</year></TDRC>
<TENC>TRANSCast DNAS/posix(linux x86) v2.0.0.51</TENC>
<TIT2>Vanished</TIT2>
<TLEN>242960</TLEN>
<TPE1>Crystal Castles</TPE1>
<TRCK>10</TRCK>
<TSSE>LAME 32bits version 3.98 (beta 6, Mar 12 2008) (http://www.mp3dev.org/)</TSSE>
<TYER>2008</TYER>
<extension>
	<title seq="1">Crystal Castles - Vanished</title>
	<title seq="2">manage</title>
	<title seq="3">manage</title>
	<title seq="4">manage</title>
	<soon>manage</soon>
</extension>
</metadata>

2011-09-22 19:07:57	I	msg:[DECODE] Next file is /home/webapps/uploads/uploads/4-16_Blew_1.mp3
2011-09-22 19:07:57	W	msg:Could not load metadata because could not open file #!/home/webapps/.virtualenvs/shoutcast/bin/python /home/webapps/websites/django-shoutcast/shoutcast/manage.py queue
2011-09-22 19:08:07	I	msg:[UVOX2] 1847738801 Sending metadata 3902 [521 bytes] content=
<?xml version="1.0" encoding="UTF-8" ?>
<metadata>
<TALB>Nevermind (Limited Super Deluxe Edition) [Disc 4]</TALB>
<TCON v1="17"></TCON>
<TDRC><year>2011</year></TDRC>
<TENC>TRANSCast DNAS/posix(linux x86) v2.0.0.51</TENC>
<TIT2>Blew</TIT2>
<TPE1>Nirvana</TPE1>
<TPOS total="4">4</TPOS>
<TRCK total="19">16</TRCK>
<TYER>2011</TYER>
<extension>
	<title seq="1">Nirvana - Blew</title>
	<title seq="2">manage</title>
	<title seq="3">manage</title>
	<title seq="4">manage</title>
	<soon>manage</soon>
</extension>
</metadata>

2011-09-22 19:12:05	I	msg:[DECODE] Next file is /home/webapps/uploads/uploads/1-03_Come_As_You_Are.mp3
2011-09-22 19:12:06	W	msg:Could not load metadata because could not open file #!/home/webapps/.virtualenvs/shoutcast/bin/python /home/webapps/websites/django-shoutcast/shoutcast/manage.py queue
2011-09-22 19:12:16	I	msg:[UVOX2] 1847738801 Sending metadata 3902 [574 bytes] content=
<?xml version="1.0" encoding="UTF-8" ?>
<metadata>
<TALB>Nevermind (Limited Super Deluxe Edition) [Disc 1]</TALB>
<TCON v1="17"></TCON>
<TDRC><year>2011</year></TDRC>
<TENC>TRANSCast DNAS/posix(linux x86) v2.0.0.51</TENC>
<TIT2>Come As You Are</TIT2>
<TPE1>Nirvana</TPE1>
<TPOS total="4">1</TPOS>
<TPUB>Geffen (Universal)</TPUB>
<TRCK total="22">3</TRCK>
<TYER>2011</TYER>
<extension>
	<title seq="1">Nirvana - Come As You Are</title>
	<title seq="2">manage</title>
	<title seq="3">manage</title>
	<title seq="4">manage</title>
	<soon>manage</soon>
</extension>
</metadata>

2011-09-22 19:15:35	I	msg:[DECODE] Next file is /home/webapps/uploads/uploads/3-06_Territorial_Pissings_The_Devonshire_Mixes.mp3
2011-09-22 19:15:35	W	msg:Could not load metadata because could not open file #!/home/webapps/.virtualenvs/shoutcast/bin/python /home/webapps/websites/django-shoutcast/shoutcast/manage.py queue
2011-09-22 19:15:45	I	msg:[UVOX2] 1847738801 Sending metadata 3902 [598 bytes] content=
<?xml version="1.0" encoding="UTF-8" ?>
<metadata>
<TALB>Nevermind (Limited Super Deluxe Edition) [Disc 3]</TALB>
<TCON v1="17"></TCON>
<TDRC><year>2011</year></TDRC>
<TENC>TRANSCast DNAS/posix(linux x86) v2.0.0.51</TENC>
<TIT2>Territorial Pissings (The Devonshire Mixes)</TIT2>
<TPE1>Nirvana</TPE1>
<TPOS total="4">3</TPOS>
<TRCK total="11">6</TRCK>
<TYER>2011</TYER>
<extension>
	<title seq="1">Nirvana - Territorial Pissings (The Devonshire Mixes)</title>
	<title seq="2">manage</title>
	<title seq="3">manage</title>
	<title seq="4">manage</title>
	<soon>manage</soon>
</extension>
</metadata>

2011-09-22 19:17:48	I	msg:[DECODE] Next file is /home/webapps/uploads/uploads/1-15_Aneurysm_B-Side_1.mp3
2011-09-22 19:17:48	W	msg:Could not load metadata because could not open file #!/home/webapps/.virtualenvs/shoutcast/bin/python /home/webapps/websites/django-shoutcast/shoutcast/manage.py queue
2011-09-22 19:17:58	I	msg:[UVOX2] 1847738801 Sending metadata 3902 [579 bytes] content=
<?xml version="1.0" encoding="UTF-8" ?>
<metadata>
<TALB>Nevermind (Limited Super Deluxe Edition) [Disc 1]</TALB>
<TCON v1="17"></TCON>
<TDRC><year>2011</year></TDRC>
<TENC>TRANSCast DNAS/posix(linux x86) v2.0.0.51</TENC>
<TIT2>Aneurysm [B-Side]</TIT2>
<TPE1>Nirvana</TPE1>
<TPOS total="4">1</TPOS>
<TPUB>Geffen (Universal)</TPUB>
<TRCK total="22">15</TRCK>
<TYER>2011</TYER>
<extension>
	<title seq="1">Nirvana - Aneurysm [B-Side]</title>
	<title seq="2">manage</title>
	<title seq="3">manage</title>
	<title seq="4">manage</title>
	<soon>manage</soon>
</extension>
</metadata>

2011-09-22 19:22:33	I	msg:[DECODE] Next file is /home/webapps/uploads/uploads/11._Knights_1.mp3
2011-09-22 19:22:33	W	msg:Could not load metadata because could not open file #!/home/webapps/.virtualenvs/shoutcast/bin/python /home/webapps/websites/django-shoutcast/shoutcast/manage.py queue
2011-09-22 19:22:43	I	msg:[UVOX2] 1847738801 Sending metadata 3902 [580 bytes] content=
<?xml version="1.0" encoding="UTF-8" ?>
<metadata>
<TALB>Crystal Castles</TALB>
<TCON>Electronic</TCON>
<TDRC><year>2008</year></TDRC>
<TENC>TRANSCast DNAS/posix(linux x86) v2.0.0.51</TENC>
<TIT2>Knights</TIT2>
<TLEN>193706</TLEN>
<TPE1>Crystal Castles</TPE1>
<TRCK>11</TRCK>
<TSSE>LAME 32bits version 3.98 (beta 6, Mar 12 2008) (http://www.mp3dev.org/)</TSSE>
<TYER>2008</TYER>
<extension>
	<title seq="1">Crystal Castles - Knights</title>
	<title seq="2">manage</title>
	<title seq="3">manage</title>
	<title seq="4">manage</title>
	<soon>manage</soon>
</extension>
</metadata>

2011-09-22 19:25:45	I	msg:[DECODE] Next file is /home/webapps/uploads/uploads/1-03_Come_As_You_Are_1.mp3
2011-09-22 19:25:46	W	msg:Could not load metadata because could not open file #!/home/webapps/.virtualenvs/shoutcast/bin/python /home/webapps/websites/django-shoutcast/shoutcast/manage.py queue
2011-09-22 19:25:56	I	msg:[UVOX2] 1847738801 Sending metadata 3902 [574 bytes] content=
<?xml version="1.0" encoding="UTF-8" ?>
<metadata>
<TALB>Nevermind (Limited Super Deluxe Edition) [Disc 1]</TALB>
<TCON v1="17"></TCON>
<TDRC><year>2011</year></TDRC>
<TENC>TRANSCast DNAS/posix(linux x86) v2.0.0.51</TENC>
<TIT2>Come As You Are</TIT2>
<TPE1>Nirvana</TPE1>
<TPOS total="4">1</TPOS>
<TPUB>Geffen (Universal)</TPUB>
<TRCK total="22">3</TRCK>
<TYER>2011</TYER>
<extension>
	<title seq="1">Nirvana - Come As You Are</title>
	<title seq="2">manage</title>
	<title seq="3">manage</title>
	<title seq="4">manage</title>
	<soon>manage</soon>
</extension>
</metadata>

2011-09-22 19:29:15	I	msg:[DECODE] Next file is /home/webapps/uploads/uploads/07._Courtship_Dating.mp3
2011-09-22 19:29:15	W	msg:Could not load metadata because could not open file #!/home/webapps/.virtualenvs/shoutcast/bin/python /home/webapps/websites/django-shoutcast/shoutcast/manage.py queue
2011-09-22 19:29:25	I	msg:[UVOX2] 1847738801 Sending metadata 3902 [598 bytes] content=
<?xml version="1.0" encoding="UTF-8" ?>
<metadata>
<TALB>Crystal Castles</TALB>
<TCON>Electronic</TCON>
<TDRC><year>2008</year></TDRC>
<TENC>TRANSCast DNAS/posix(linux x86) v2.0.0.51</TENC>
<TIT2>Courtship Dating</TIT2>
<TLEN>210453</TLEN>
<TPE1>Crystal Castles</TPE1>
<TRCK>07</TRCK>
<TSSE>LAME 32bits version 3.98 (beta 6, Mar 12 2008) (http://www.mp3dev.org/)</TSSE>
<TYER>2008</TYER>
<extension>
	<title seq="1">Crystal Castles - Courtship Dating</title>
	<title seq="2">manage</title>
	<title seq="3">manage</title>
	<title seq="4">manage</title>
	<soon>manage</soon>
</extension>
</metadata>

2011-09-22 19:32:45	I	msg:[DECODE] Next file is /home/webapps/uploads/uploads/11._Knights.mp3
2011-09-22 19:32:45	W	msg:Could not load metadata because could not open file #!/home/webapps/.virtualenvs/shoutcast/bin/python /home/webapps/websites/django-shoutcast/shoutcast/manage.py queue
2011-09-22 19:32:55	I	msg:[UVOX2] 1847738801 Sending metadata 3902 [580 bytes] content=
<?xml version="1.0" encoding="UTF-8" ?>
<metadata>
<TALB>Crystal Castles</TALB>
<TCON>Electronic</TCON>
<TDRC><year>2008</year></TDRC>
<TENC>TRANSCast DNAS/posix(linux x86) v2.0.0.51</TENC>
<TIT2>Knights</TIT2>
<TLEN>193706</TLEN>
<TPE1>Crystal Castles</TPE1>
<TRCK>11</TRCK>
<TSSE>LAME 32bits version 3.98 (beta 6, Mar 12 2008) (http://www.mp3dev.org/)</TSSE>
<TYER>2008</TYER>
<extension>
	<title seq="1">Crystal Castles - Knights</title>
	<title seq="2">manage</title>
	<title seq="3">manage</title>
	<title seq="4">manage</title>
	<soon>manage</soon>
</extension>
</metadata>

2011-09-22 19:35:57	I	msg:[DECODE] Next file is /home/webapps/uploads/uploads/02_-_Alive_Moore_Theatre_Seattle_12-22-90.mp3
2011-09-22 19:35:57	W	msg:Could not load metadata because could not open file #!/home/webapps/.virtualenvs/shoutcast/bin/python /home/webapps/websites/django-shoutcast/shoutcast/manage.py queue
2011-09-22 19:36:07	I	msg:[UVOX2] 1847738801 Sending metadata 3902 [571 bytes] content=
<?xml version="1.0" encoding="UTF-8" ?>
<metadata>
<TALB>Pearl Jam Twenty [Disc 1 - From the Film &apos;PJ20&apos;]</TALB>
<TCON>Alternative</TCON>
<TDRC><year>2011</year></TDRC>
<TENC>TRANSCast DNAS/posix(linux x86) v2.0.0.51</TENC>
<TIT2>Alive (Moore Theatre, Seattle 12-22-90)</TIT2>
<TPE1>Pearl Jam</TPE1>
<TRCK>02</TRCK>
<TYER>2011</TYER>
<extension>
	<title seq="1">Pearl Jam - Alive (Moore Theatre, Seattle 12-22-90)</title>
	<title seq="2">manage</title>
	<title seq="3">manage</title>
	<title seq="4">manage</title>
	<soon>manage</soon>
</extension>
</metadata>

2011-09-22 19:40:44	I	msg:[DECODE] Next file is /home/webapps/uploads/uploads/3-06_Territorial_Pissings_The_Devonshire_Mixes_1.mp3
2011-09-22 19:40:44	W	msg:Could not load metadata because could not open file #!/home/webapps/.virtualenvs/shoutcast/bin/python /home/webapps/websites/django-shoutcast/shoutcast/manage.py queue
2011-09-22 19:40:54	I	msg:[UVOX2] 1847738801 Sending metadata 3902 [598 bytes] content=
<?xml version="1.0" encoding="UTF-8" ?>
<metadata>
<TALB>Nevermind (Limited Super Deluxe Edition) [Disc 3]</TALB>
<TCON v1="17"></TCON>
<TDRC><year>2011</year></TDRC>
<TENC>TRANSCast DNAS/posix(linux x86) v2.0.0.51</TENC>
<TIT2>Territorial Pissings (The Devonshire Mixes)</TIT2>
<TPE1>Nirvana</TPE1>
<TPOS total="4">3</TPOS>
<TRCK total="11">6</TRCK>
<TYER>2011</TYER>
<extension>
	<title seq="1">Nirvana - Territorial Pissings (The Devonshire Mixes)</title>
	<title seq="2">manage</title>
	<title seq="3">manage</title>
	<title seq="4">manage</title>
	<soon>manage</soon>
</extension>
</metadata>

2011-09-22 19:42:56	I	msg:[DECODE] Next file is /home/webapps/uploads/uploads/4-08_Polly_1.mp3
2011-09-22 19:42:57	W	msg:Could not load metadata because could not open file #!/home/webapps/.virtualenvs/shoutcast/bin/python /home/webapps/websites/django-shoutcast/shoutcast/manage.py queue
2011-09-22 19:43:07	I	msg:[UVOX2] 1847738801 Sending metadata 3902 [522 bytes] content=
<?xml version="1.0" encoding="UTF-8" ?>
<metadata>
<TALB>Nevermind (Limited Super Deluxe Edition) [Disc 4]</TALB>
<TCON v1="17"></TCON>
<TDRC><year>2011</year></TDRC>
<TENC>TRANSCast DNAS/posix(linux x86) v2.0.0.51</TENC>
<TIT2>Polly</TIT2>
<TPE1>Nirvana</TPE1>
<TPOS total="4">4</TPOS>
<TRCK total="19">8</TRCK>
<TYER>2011</TYER>
<extension>
	<title seq="1">Nirvana - Polly</title>
	<title seq="2">manage</title>
	<title seq="3">manage</title>
	<title seq="4">manage</title>
	<soon>manage</soon>
</extension>
</metadata>

2011-09-22 19:45:59	I	msg:[DECODE] Next file is /home/webapps/uploads/uploads/1-01_Smells_Like_Teen_Spirit.mp3
2011-09-22 19:45:59	W	msg:Could not load metadata because could not open file #!/home/webapps/.virtualenvs/shoutcast/bin/python /home/webapps/websites/django-shoutcast/shoutcast/manage.py queue
2011-09-22 19:46:09	I	msg:[UVOX2] 1847738801 Sending metadata 3902 [590 bytes] content=
<?xml version="1.0" encoding="UTF-8" ?>
<metadata>
<TALB>Nevermind (Limited Super Deluxe Edition) [Disc 1]</TALB>
<TCON v1="17"></TCON>
<TDRC><year>2011</year></TDRC>
<TENC>TRANSCast DNAS/posix(linux x86) v2.0.0.51</TENC>
<TIT2>Smells Like Teen Spirit</TIT2>
<TPE1>Nirvana</TPE1>
<TPOS total="4">1</TPOS>
<TPUB>Geffen (Universal)</TPUB>
<TRCK total="22">1</TRCK>
<TYER>2011</TYER>
<extension>
	<title seq="1">Nirvana - Smells Like Teen Spirit</title>
	<title seq="2">manage</title>
	<title seq="3">manage</title>
	<title seq="4">manage</title>
	<soon>manage</soon>
</extension>
</metadata>

2011-09-22 19:50:58	I	msg:[DECODE] Next file is /home/webapps/uploads/uploads/1-21_Sliver_Live_1.mp3
2011-09-22 19:50:58	W	msg:Could not load metadata because could not open file #!/home/webapps/.virtualenvs/shoutcast/bin/python /home/webapps/websites/django-shoutcast/shoutcast/manage.py queue
2011-09-22 19:51:08	I	msg:[UVOX2] 1847738801 Sending metadata 3902 [571 bytes] content=
<?xml version="1.0" encoding="UTF-8" ?>
<metadata>
<TALB>Nevermind (Limited Super Deluxe Edition) [Disc 1]</TALB>
<TCON v1="17"></TCON>
<TDRC><year>2011</year></TDRC>
<TENC>TRANSCast DNAS/posix(linux x86) v2.0.0.51</TENC>
<TIT2>Sliver [Live]</TIT2>
<TPE1>Nirvana</TPE1>
<TPOS total="4">1</TPOS>
<TPUB>Geffen (Universal)</TPUB>
<TRCK total="22">21</TRCK>
<TYER>2011</TYER>
<extension>
	<title seq="1">Nirvana - Sliver [Live]</title>
	<title seq="2">manage</title>
	<title seq="3">manage</title>
	<title seq="4">manage</title>
	<soon>manage</soon>
</extension>
</metadata>

2011-09-22 19:53:01	I	msg:[DECODE] Next file is /home/webapps/uploads/uploads/2-06_Here_She_Comes_Now_Smart_Sessions_1.mp3
2011-09-22 19:53:01	W	msg:Could not load metadata because could not open file #!/home/webapps/.virtualenvs/shoutcast/bin/python /home/webapps/websites/django-shoutcast/shoutcast/manage.py queue
2011-09-22 19:53:11	I	msg:[UVOX2] 1847738801 Sending metadata 3902 [582 bytes] content=
<?xml version="1.0" encoding="UTF-8" ?>
<metadata>
<TALB>Nevermind (Limited Super Deluxe Edition) [Disc 2]</TALB>
<TCON v1="17"></TCON>
<TDRC><year>2011</year></TDRC>
<TENC>TRANSCast DNAS/posix(linux x86) v2.0.0.51</TENC>
<TIT2>Here She Comes Now (Smart Sessions)</TIT2>
<TPE1>Nirvana</TPE1>
<TPOS total="4">2</TPOS>
<TRCK total="18">6</TRCK>
<TYER>2011</TYER>
<extension>
	<title seq="1">Nirvana - Here She Comes Now (Smart Sessions)</title>
	<title seq="2">manage</title>
	<title seq="3">manage</title>
	<title seq="4">manage</title>
	<soon>manage</soon>
</extension>
</metadata>

2011-09-22 19:58:00	I	msg:[DECODE] Next file is /home/webapps/uploads/uploads/03._Crimewave_Crystal_Castles_VS_HEALTH.mp3
2011-09-22 19:58:01	W	msg:Could not load metadata because could not open file #!/home/webapps/.virtualenvs/shoutcast/bin/python /home/webapps/websites/django-shoutcast/shoutcast/manage.py queue
2011-09-22 19:58:09	I	msg:[UVOX2] 1847738801 Sending metadata 3902 [640 bytes] content=
<?xml version="1.0" encoding="UTF-8" ?>
<metadata>
<TALB>Crystal Castles</TALB>
<TCON>Electronic</TCON>
<TDRC><year>2008</year></TDRC>
<TENC>TRANSCast DNAS/posix(linux x86) v2.0.0.51</TENC>
<TIT2>Crimewave (Crystal Castles VS HEALTH)</TIT2>
<TLEN>258453</TLEN>
<TPE1>Crystal Castles</TPE1>
<TRCK>03</TRCK>
<TSSE>LAME 32bits version 3.98 (beta 6, Mar 12 2008) (http://www.mp3dev.org/)</TSSE>
<TYER>2008</TYER>
<extension>
	<title seq="1">Crystal Castles - Crimewave (Crystal Castles VS HEALTH)</title>
	<title seq="2">manage</title>
	<title seq="3">manage</title>
	<title seq="4">manage</title>
	<soon>manage</soon>
</extension>
</metadata>

2011-09-22 20:02:18	I	msg:[DECODE] Next file is /home/webapps/uploads/uploads/14_-_Just_Breathe_SNL_Rockefeller_Center_New_York_City_3-13-10.mp3
2011-09-22 20:02:18	W	msg:Could not load metadata because could not open file #!/home/webapps/.virtualenvs/shoutcast/bin/python /home/webapps/websites/django-shoutcast/shoutcast/manage.py queue
2011-09-22 20:02:27	I	msg:[UVOX2] 1847738801 Sending metadata 3902 [615 bytes] content=
<?xml version="1.0" encoding="UTF-8" ?>
<metadata>
<TALB>Pearl Jam Twenty [Disc 1 - From the Film &apos;PJ20&apos;]</TALB>
<TCON>Alternative</TCON>
<TDRC><year>2011</year></TDRC>
<TENC>TRANSCast DNAS/posix(linux x86) v2.0.0.51</TENC>
<TIT2>Just Breathe (SNL, Rockefeller Center, New York City 3-13-10)</TIT2>
<TPE1>Pearl Jam</TPE1>
<TRCK>14</TRCK>
<TYER>2011</TYER>
<extension>
	<title seq="1">Pearl Jam - Just Breathe (SNL, Rockefeller Center, New York City 3-13-10)</title>
	<title seq="2">manage</title>
	<title seq="3">manage</title>
	<title seq="4">manage</title>
	<soon>manage</soon>
</extension>
</metadata>

2011-09-22 20:05:57	I	msg:[DECODE] Next file is /home/webapps/uploads/uploads/4-05_Floyd_The_Barber.mp3
2011-09-22 20:05:57	W	msg:Could not load metadata because could not open file #!/home/webapps/.virtualenvs/shoutcast/bin/python /home/webapps/websites/django-shoutcast/shoutcast/manage.py queue
2011-09-22 20:06:07	I	msg:[UVOX2] 1847738801 Sending metadata 3902 [544 bytes] content=
<?xml version="1.0" encoding="UTF-8" ?>
<metadata>
<TALB>Nevermind (Limited Super Deluxe Edition) [Disc 4]</TALB>
<TCON v1="17"></TCON>
<TDRC><year>2011</year></TDRC>
<TENC>TRANSCast DNAS/posix(linux x86) v2.0.0.51</TENC>
<TIT2>Floyd The Barber</TIT2>
<TPE1>Nirvana</TPE1>
<TPOS total="4">4</TPOS>
<TRCK total="19">5</TRCK>
<TYER>2011</TYER>
<extension>
	<title seq="1">Nirvana - Floyd The Barber</title>
	<title seq="2">manage</title>
	<title seq="3">manage</title>
	<title seq="4">manage</title>
	<soon>manage</soon>
</extension>
</metadata>

2011-09-22 20:08:23	I	msg:[DECODE] Next file is /home/webapps/uploads/uploads/1-02_In_Bloom.mp3
2011-09-22 20:08:23	W	msg:Could not load metadata because could not open file #!/home/webapps/.virtualenvs/shoutcast/bin/python /home/webapps/websites/django-shoutcast/shoutcast/manage.py queue
2011-09-22 20:08:33	I	msg:[UVOX2] 1847738801 Sending metadata 3902 [440 bytes] content=
<?xml version="1.0" encoding="UTF-8" ?>
<metadata>
<COMM></COMM>
<TALB>Nevermind (Limited Super Delux</TALB>
<TCON v1="6"></TCON>
<TENC>TRANSCast DNAS/posix(linux x86) v2.0.0.51</TENC>
<TIT2>In Bloom</TIT2>
<TPE1>Nirvana</TPE1>
<TYER>2011</TYER>
<extension>
	<title seq="1">Nirvana - In Bloom</title>
	<title seq="2">manage</title>
	<title seq="3">manage</title>
	<title seq="4">manage</title>
	<soon>manage</soon>
</extension>
</metadata>

2011-09-22 20:12:37	I	msg:[DECODE] Next file is /home/webapps/uploads/uploads/2-06_Here_She_Comes_Now_Smart_Sessions_1.mp3
2011-09-22 20:12:37	W	msg:Could not load metadata because could not open file #!/home/webapps/.virtualenvs/shoutcast/bin/python /home/webapps/websites/django-shoutcast/shoutcast/manage.py queue
2011-09-22 20:12:47	I	msg:[UVOX2] 1847738801 Sending metadata 3902 [582 bytes] content=
<?xml version="1.0" encoding="UTF-8" ?>
<metadata>
<TALB>Nevermind (Limited Super Deluxe Edition) [Disc 2]</TALB>
<TCON v1="17"></TCON>
<TDRC><year>2011</year></TDRC>
<TENC>TRANSCast DNAS/posix(linux x86) v2.0.0.51</TENC>
<TIT2>Here She Comes Now (Smart Sessions)</TIT2>
<TPE1>Nirvana</TPE1>
<TPOS total="4">2</TPOS>
<TRCK total="18">6</TRCK>
<TYER>2011</TYER>
<extension>
	<title seq="1">Nirvana - Here She Comes Now (Smart Sessions)</title>
	<title seq="2">manage</title>
	<title seq="3">manage</title>
	<title seq="4">manage</title>
	<soon>manage</soon>
</extension>
</metadata>

2011-09-22 20:17:36	I	msg:[DECODE] Next file is /home/webapps/uploads/uploads/1-17_D-7_Live_at_the_BBC_1.mp3
2011-09-22 20:17:36	W	msg:Could not load metadata because could not open file #!/home/webapps/.virtualenvs/shoutcast/bin/python /home/webapps/websites/django-shoutcast/shoutcast/manage.py queue
2011-09-22 20:17:46	I	msg:[UVOX2] 1847738801 Sending metadata 3902 [587 bytes] content=
<?xml version="1.0" encoding="UTF-8" ?>
<metadata>
<TALB>Nevermind (Limited Super Deluxe Edition) [Disc 1]</TALB>
<TCON v1="17"></TCON>
<TDRC><year>2011</year></TDRC>
<TENC>TRANSCast DNAS/posix(linux x86) v2.0.0.51</TENC>
<TIT2>D-7 [Live at the BBC]</TIT2>
<TPE1>Nirvana</TPE1>
<TPOS total="4">1</TPOS>
<TPUB>Geffen (Universal)</TPUB>
<TRCK total="22">17</TRCK>
<TYER>2011</TYER>
<extension>
	<title seq="1">Nirvana - D-7 [Live at the BBC]</title>
	<title seq="2">manage</title>
	<title seq="3">manage</title>
	<title seq="4">manage</title>
	<soon>manage</soon>
</extension>
</metadata>

2011-09-22 20:21:19	I	msg:[DECODE] Next file is /home/webapps/uploads/uploads/4-08_Polly.mp3
2011-09-22 20:21:19	W	msg:Could not load metadata because could not open file #!/home/webapps/.virtualenvs/shoutcast/bin/python /home/webapps/websites/django-shoutcast/shoutcast/manage.py queue
2011-09-22 20:21:29	I	msg:[UVOX2] 1847738801 Sending metadata 3902 [522 bytes] content=
<?xml version="1.0" encoding="UTF-8" ?>
<metadata>
<TALB>Nevermind (Limited Super Deluxe Edition) [Disc 4]</TALB>
<TCON v1="17"></TCON>
<TDRC><year>2011</year></TDRC>
<TENC>TRANSCast DNAS/posix(linux x86) v2.0.0.51</TENC>
<TIT2>Polly</TIT2>
<TPE1>Nirvana</TPE1>
<TPOS total="4">4</TPOS>
<TRCK total="19">8</TRCK>
<TYER>2011</TYER>
<extension>
	<title seq="1">Nirvana - Polly</title>
	<title seq="2">manage</title>
	<title seq="3">manage</title>
	<title seq="4">manage</title>
	<soon>manage</soon>
</extension>
</metadata>

2011-09-22 20:24:22	I	msg:[DECODE] Next file is /home/webapps/uploads/uploads/2-05_Pay_To_Play_Smart_Sessions.mp3
2011-09-22 20:24:23	W	msg:Could not load metadata because could not open file #!/home/webapps/.virtualenvs/shoutcast/bin/python /home/webapps/websites/django-shoutcast/shoutcast/manage.py queue
2011-09-22 20:24:33	I	msg:[UVOX2] 1847738801 Sending metadata 3902 [568 bytes] content=
<?xml version="1.0" encoding="UTF-8" ?>
<metadata>
<TALB>Nevermind (Limited Super Deluxe Edition) [Disc 2]</TALB>
<TCON v1="17"></TCON>
<TDRC><year>2011</year></TDRC>
<TENC>TRANSCast DNAS/posix(linux x86) v2.0.0.51</TENC>
<TIT2>Pay To Play (Smart Sessions)</TIT2>
<TPE1>Nirvana</TPE1>
<TPOS total="4">2</TPOS>
<TRCK total="18">5</TRCK>
<TYER>2011</TYER>
<extension>
	<title seq="1">Nirvana - Pay To Play (Smart Sessions)</title>
	<title seq="2">manage</title>
	<title seq="3">manage</title>
	<title seq="4">manage</title>
	<soon>manage</soon>
</extension>
</metadata>

2011-09-22 20:27:49	I	msg:[DECODE] Next file is /home/webapps/uploads/uploads/1-15_Aneurysm_B-Side_1.mp3
2011-09-22 20:27:49	W	msg:Could not load metadata because could not open file #!/home/webapps/.virtualenvs/shoutcast/bin/python /home/webapps/websites/django-shoutcast/shoutcast/manage.py queue
2011-09-22 20:27:59	I	msg:[UVOX2] 1847738801 Sending metadata 3902 [579 bytes] content=
<?xml version="1.0" encoding="UTF-8" ?>
<metadata>
<TALB>Nevermind (Limited Super Deluxe Edition) [Disc 1]</TALB>
<TCON v1="17"></TCON>
<TDRC><year>2011</year></TDRC>
<TENC>TRANSCast DNAS/posix(linux x86) v2.0.0.51</TENC>
<TIT2>Aneurysm [B-Side]</TIT2>
<TPE1>Nirvana</TPE1>
<TPOS total="4">1</TPOS>
<TPUB>Geffen (Universal)</TPUB>
<TRCK total="22">15</TRCK>
<TYER>2011</TYER>
<extension>
	<title seq="1">Nirvana - Aneurysm [B-Side]</title>
	<title seq="2">manage</title>
	<title seq="3">manage</title>
	<title seq="4">manage</title>
	<soon>manage</soon>
</extension>
</metadata>

2011-09-22 20:32:34	I	msg:[DECODE] Next file is /home/webapps/uploads/uploads/4-04_School_1.mp3
2011-09-22 20:32:34	W	msg:Could not load metadata because could not open file #!/home/webapps/.virtualenvs/shoutcast/bin/python /home/webapps/websites/django-shoutcast/shoutcast/manage.py queue
2011-09-22 20:32:44	I	msg:[UVOX2] 1847738801 Sending metadata 3902 [524 bytes] content=
<?xml version="1.0" encoding="UTF-8" ?>
<metadata>
<TALB>Nevermind (Limited Super Deluxe Edition) [Disc 4]</TALB>
<TCON v1="17"></TCON>
<TDRC><year>2011</year></TDRC>
<TENC>TRANSCast DNAS/posix(linux x86) v2.0.0.51</TENC>
<TIT2>School</TIT2>
<TPE1>Nirvana</TPE1>
<TPOS total="4">4</TPOS>
<TRCK total="19">4</TRCK>
<TYER>2011</TYER>
<extension>
	<title seq="1">Nirvana - School</title>
	<title seq="2">manage</title>
	<title seq="3">manage</title>
	<title seq="4">manage</title>
	<soon>manage</soon>
</extension>
</metadata>

2011-09-22 20:35:19	I	msg:[DECODE] Next file is /home/webapps/uploads/uploads/1-15_Aneurysm_B-Side_1.mp3
2011-09-22 20:35:19	W	msg:Could not load metadata because could not open file #!/home/webapps/.virtualenvs/shoutcast/bin/python /home/webapps/websites/django-shoutcast/shoutcast/manage.py queue
2011-09-22 20:35:29	I	msg:[UVOX2] 1847738801 Sending metadata 3902 [579 bytes] content=
<?xml version="1.0" encoding="UTF-8" ?>
<metadata>
<TALB>Nevermind (Limited Super Deluxe Edition) [Disc 1]</TALB>
<TCON v1="17"></TCON>
<TDRC><year>2011</year></TDRC>
<TENC>TRANSCast DNAS/posix(linux x86) v2.0.0.51</TENC>
<TIT2>Aneurysm [B-Side]</TIT2>
<TPE1>Nirvana</TPE1>
<TPOS total="4">1</TPOS>
<TPUB>Geffen (Universal)</TPUB>
<TRCK total="22">15</TRCK>
<TYER>2011</TYER>
<extension>
	<title seq="1">Nirvana - Aneurysm [B-Side]</title>
	<title seq="2">manage</title>
	<title seq="3">manage</title>
	<title seq="4">manage</title>
	<soon>manage</soon>
</extension>
</metadata>

2011-09-22 20:40:04	I	msg:[DECODE] Next file is /home/webapps/uploads/uploads/1-02_In_Bloom.mp3
2011-09-22 20:40:04	W	msg:Could not load metadata because could not open file #!/home/webapps/.virtualenvs/shoutcast/bin/python /home/webapps/websites/django-shoutcast/shoutcast/manage.py queue
2011-09-22 20:40:14	I	msg:[UVOX2] 1847738801 Sending metadata 3902 [440 bytes] content=
<?xml version="1.0" encoding="UTF-8" ?>
<metadata>
<COMM></COMM>
<TALB>Nevermind (Limited Super Delux</TALB>
<TCON v1="6"></TCON>
<TENC>TRANSCast DNAS/posix(linux x86) v2.0.0.51</TENC>
<TIT2>In Bloom</TIT2>
<TPE1>Nirvana</TPE1>
<TYER>2011</TYER>
<extension>
	<title seq="1">Nirvana - In Bloom</title>
	<title seq="2">manage</title>
	<title seq="3">manage</title>
	<title seq="4">manage</title>
	<soon>manage</soon>
</extension>
</metadata>

2011-09-22 20:44:18	I	msg:[DECODE] Next file is /home/webapps/uploads/uploads/4-01_Jesus_Doesnt_Want_Me_For_A_Sunbeam.mp3
2011-09-22 20:44:18	W	msg:Could not load metadata because could not open file #!/home/webapps/.virtualenvs/shoutcast/bin/python /home/webapps/websites/django-shoutcast/shoutcast/manage.py queue
2011-09-22 20:44:28	I	msg:[UVOX2] 1847738801 Sending metadata 3902 [592 bytes] content=
<?xml version="1.0" encoding="UTF-8" ?>
<metadata>
<TALB>Nevermind (Limited Super Deluxe Edition) [Disc 4]</TALB>
<TCON v1="17"></TCON>
<TDRC><year>2011</year></TDRC>
<TENC>TRANSCast DNAS/posix(linux x86) v2.0.0.51</TENC>
<TIT2>Jesus Doesn&apos;t Want Me For A Sunbeam</TIT2>
<TPE1>Nirvana</TPE1>
<TPOS total="4">4</TPOS>
<TRCK total="19">1</TRCK>
<TYER>2011</TYER>
<extension>
	<title seq="1">Nirvana - Jesus Doesn&apos;t Want Me For A Sunbeam</title>
	<title seq="2">manage</title>
	<title seq="3">manage</title>
	<title seq="4">manage</title>
	<soon>manage</soon>
</extension>
</metadata>

2011-09-22 20:45:37	I	msg:[MAIN] SIGWINCH; Next Song
2011-09-22 20:45:39	I	msg:[DECODE] Next file is /home/webapps/uploads/uploads/10._Vanished_1.mp3
2011-09-22 20:45:39	W	msg:Could not load metadata because could not open file #!/home/webapps/.virtualenvs/shoutcast/bin/python /home/webapps/websites/django-shoutcast/shoutcast/manage.py queue
2011-09-22 20:45:49	I	msg:[UVOX2] 1847738801 Sending metadata 3902 [582 bytes] content=
<?xml version="1.0" encoding="UTF-8" ?>
<metadata>
<TALB>Crystal Castles</TALB>
<TCON>Electronic</TCON>
<TDRC><year>2008</year></TDRC>
<TENC>TRANSCast DNAS/posix(linux x86) v2.0.0.51</TENC>
<TIT2>Vanished</TIT2>
<TLEN>242960</TLEN>
<TPE1>Crystal Castles</TPE1>
<TRCK>10</TRCK>
<TSSE>LAME 32bits version 3.98 (beta 6, Mar 12 2008) (http://www.mp3dev.org/)</TSSE>
<TYER>2008</TYER>
<extension>
	<title seq="1">Crystal Castles - Vanished</title>
	<title seq="2">manage</title>
	<title seq="3">manage</title>
	<title seq="4">manage</title>
	<soon>manage</soon>
</extension>
</metadata>

2011-09-22 20:49:41	I	msg:[DECODE] Next file is /home/webapps/uploads/uploads/1-11_On_A_Plain_1.mp3
2011-09-22 20:49:41	W	msg:Could not load metadata because could not open file #!/home/webapps/.virtualenvs/shoutcast/bin/python /home/webapps/websites/django-shoutcast/shoutcast/manage.py queue
2011-09-22 20:49:51	I	msg:[UVOX2] 1847738801 Sending metadata 3902 [565 bytes] content=
<?xml version="1.0" encoding="UTF-8" ?>
<metadata>
<TALB>Nevermind (Limited Super Deluxe Edition) [Disc 1]</TALB>
<TCON v1="17"></TCON>
<TDRC><year>2011</year></TDRC>
<TENC>TRANSCast DNAS/posix(linux x86) v2.0.0.51</TENC>
<TIT2>On A Plain</TIT2>
<TPE1>Nirvana</TPE1>
<TPOS total="4">1</TPOS>
<TPUB>Geffen (Universal)</TPUB>
<TRCK total="22">11</TRCK>
<TYER>2011</TYER>
<extension>
	<title seq="1">Nirvana - On A Plain</title>
	<title seq="2">manage</title>
	<title seq="3">manage</title>
	<title seq="4">manage</title>
	<soon>manage</soon>
</extension>
</metadata>

2011-09-22 20:52:54	I	msg:[DECODE] Next file is /home/webapps/uploads/uploads/4-08_Polly_1.mp3
2011-09-22 20:52:54	W	msg:Could not load metadata because could not open file #!/home/webapps/.virtualenvs/shoutcast/bin/python /home/webapps/websites/django-shoutcast/shoutcast/manage.py queue
2011-09-22 20:53:04	I	msg:[UVOX2] 1847738801 Sending metadata 3902 [522 bytes] content=
<?xml version="1.0" encoding="UTF-8" ?>
<metadata>
<TALB>Nevermind (Limited Super Deluxe Edition) [Disc 4]</TALB>
<TCON v1="17"></TCON>
<TDRC><year>2011</year></TDRC>
<TENC>TRANSCast DNAS/posix(linux x86) v2.0.0.51</TENC>
<TIT2>Polly</TIT2>
<TPE1>Nirvana</TPE1>
<TPOS total="4">4</TPOS>
<TRCK total="19">8</TRCK>
<TYER>2011</TYER>
<extension>
	<title seq="1">Nirvana - Polly</title>
	<title seq="2">manage</title>
	<title seq="3">manage</title>
	<title seq="4">manage</title>
	<soon>manage</soon>
</extension>
</metadata>

2011-09-22 20:54:02	I	msg:[DJMGR] No DJ currently active. Run permission granted for `dj'
2011-09-22 20:54:02	I	msg:[DJPROTOCOLSHOUTCAST] Connected
2011-09-22 20:54:02	I	msg:[BROADCASTSTALLMANAGER] Timed content set to TRUE
2011-09-22 20:54:02	I	msg:[TITLEUPDATE] Receiving DJ metadata "JAY Z & Kanye West - Ni**as In Paris"
2011-09-22 20:54:02	I	msg:[TITLEUPDATE] Relaying DJ metadata
2011-09-22 20:54:12	I	msg:[UVOX2] 1847738801 Sending metadata 3902 [117 bytes] content=
<?xml version="1.0" encoding="UTF-8" ?>
<metadata>
<TIT2>JAY Z &amp; Kanye West - Ni**as In Paris</TIT2>
</metadata>

2011-09-22 20:56:35	I	msg:[TITLEUPDATE] Receiving DJ metadata "JAY Z & Kanye West - Lift Off (feat. Beyonce)"
2011-09-22 20:56:35	I	msg:[TITLEUPDATE] Relaying DJ metadata
2011-09-22 20:56:44	I	msg:[UVOX2] 1847738801 Sending metadata 3902 [126 bytes] content=
<?xml version="1.0" encoding="UTF-8" ?>
<metadata>
<TIT2>JAY Z &amp; Kanye West - Lift Off (feat. Beyonce)</TIT2>
</metadata>

2011-09-22 21:01:01	I	msg:[TITLEUPDATE] Receiving DJ metadata "JAY Z & Kanye West - That's My Bitch"
2011-09-22 21:01:01	I	msg:[TITLEUPDATE] Relaying DJ metadata
2011-09-22 21:01:09	I	msg:[UVOX2] 1847738801 Sending metadata 3902 [122 bytes] content=
<?xml version="1.0" encoding="UTF-8" ?>
<metadata>
<TIT2>JAY Z &amp; Kanye West - That&apos;s My Bitch</TIT2>
</metadata>

2011-09-22 21:03:32	E	msg:[DJPROTOCOLSHOUTCAST] Source dropped connection. Disconnecting.
2011-09-22 21:03:32	I	msg:[DJMGR] DJ `dj' is done.
2011-09-22 21:03:32	I	msg:[BROADCASTSTALLMANAGER] Timed content set to FALSE
2011-09-22 21:03:35	I	msg:[DJMGR] No DJ currently active. Run permission granted for `dj'
2011-09-22 21:03:35	I	msg:[DJPROTOCOLSHOUTCAST] Connected
2011-09-22 21:03:36	I	msg:[BROADCASTSTALLMANAGER] Timed content set to TRUE
2011-09-22 21:03:36	I	msg:[TITLEUPDATE] Receiving DJ metadata "JAY Z & Kanye West - That's My Bitch"
2011-09-22 21:03:36	I	msg:[TITLEUPDATE] Relaying DJ metadata
2011-09-22 21:03:42	I	msg:[UVOX2] 1847738801 Sending metadata 3902 [522 bytes] content=
<?xml version="1.0" encoding="UTF-8" ?>
<metadata>
<TALB>Nevermind (Limited Super Deluxe Edition) [Disc 4]</TALB>
<TCON v1="17"></TCON>
<TDRC><year>2011</year></TDRC>
<TENC>TRANSCast DNAS/posix(linux x86) v2.0.0.51</TENC>
<TIT2>Polly</TIT2>
<TPE1>Nirvana</TPE1>
<TPOS total="4">4</TPOS>
<TRCK total="19">8</TRCK>
<TYER>2011</TYER>
<extension>
	<title seq="1">Nirvana - Polly</title>
	<title seq="2">manage</title>
	<title seq="3">manage</title>
	<title seq="4">manage</title>
	<soon>manage</soon>
</extension>
</metadata>

2011-09-22 21:03:47	I	msg:[UVOX2] 1847738801 Sending metadata 3902 [122 bytes] content=
<?xml version="1.0" encoding="UTF-8" ?>
<metadata>
<TIT2>JAY Z &amp; Kanye West - That&apos;s My Bitch</TIT2>
</metadata>

2011-09-22 21:03:48	I	msg:[UVOX2] 1847738801 Sending metadata 3902 [122 bytes] content=
<?xml version="1.0" encoding="UTF-8" ?>
<metadata>
<TIT2>JAY Z &amp; Kanye West - That&apos;s My Bitch</TIT2>
</metadata>

2011-09-22 21:04:24	I	msg:[TITLEUPDATE] Receiving DJ metadata "JAY Z & Kanye West - Illest Motherf**ker Alive"
2011-09-22 21:04:24	I	msg:[TITLEUPDATE] Relaying DJ metadata
2011-09-22 21:04:33	I	msg:[UVOX2] 1847738801 Sending metadata 3902 [127 bytes] content=
<?xml version="1.0" encoding="UTF-8" ?>
<metadata>
<TIT2>JAY Z &amp; Kanye West - Illest Motherf**ker Alive</TIT2>
</metadata>

2011-09-22 21:05:31	E	msg:[DJPROTOCOLSHOUTCAST] Auto dump timeout receiving stream
2011-09-22 21:05:31	I	msg:[DJMGR] DJ `dj' is done.
2011-09-22 21:05:31	I	msg:[BROADCASTSTALLMANAGER] Timed content set to FALSE
2011-09-22 21:05:32	I	msg:[UVOX2] 1847738801 Sending metadata 3902 [522 bytes] content=
<?xml version="1.0" encoding="UTF-8" ?>
<metadata>
<TALB>Nevermind (Limited Super Deluxe Edition) [Disc 4]</TALB>
<TCON v1="17"></TCON>
<TDRC><year>2011</year></TDRC>
<TENC>TRANSCast DNAS/posix(linux x86) v2.0.0.51</TENC>
<TIT2>Polly</TIT2>
<TPE1>Nirvana</TPE1>
<TPOS total="4">4</TPOS>
<TRCK total="19">8</TRCK>
<TYER>2011</TYER>
<extension>
	<title seq="1">Nirvana - Polly</title>
	<title seq="2">manage</title>
	<title seq="3">manage</title>
	<title seq="4">manage</title>
	<soon>manage</soon>
</extension>
</metadata>

2011-09-22 21:05:32	I	msg:[DJMGR] No DJ currently active. Run permission granted for `dj'
2011-09-22 21:05:32	I	msg:[DJPROTOCOLSHOUTCAST] Connected
2011-09-22 21:05:32	E	msg:[DJPROTOCOLSHOUTCAST] Remote socket closed while waiting for ICY data
2011-09-22 21:05:32	I	msg:[DJMGR] DJ `dj' is done.
2011-09-22 21:06:46	I	msg:[DECODE] Next file is /home/webapps/uploads/uploads/10_-_Indifference_Bologna_Italy_9-14-06.mp3
2011-09-22 21:06:46	W	msg:Could not load metadata because could not open file #!/home/webapps/.virtualenvs/shoutcast/bin/python /home/webapps/websites/django-shoutcast/shoutcast/manage.py queue
2011-09-22 21:06:56	I	msg:[UVOX2] 1847738801 Sending metadata 3902 [563 bytes] content=
<?xml version="1.0" encoding="UTF-8" ?>
<metadata>
<TALB>Pearl Jam Twenty [Disc Two - Rarities and Inspiration]</TALB>
<TCON>Alternative</TCON>
<TDRC><year>2011</year></TDRC>
<TENC>TRANSCast DNAS/posix(linux x86) v2.0.0.51</TENC>
<TIT2>Indifference (Bologna, Italy 9-14-06)</TIT2>
<TPE1>Pearl Jam</TPE1>
<TRCK>10</TRCK>
<TYER>2011</TYER>
<extension>
	<title seq="1">Pearl Jam - Indifference (Bologna, Italy 9-14-06)</title>
	<title seq="2">manage</title>
	<title seq="3">manage</title>
	<title seq="4">manage</title>
	<soon>manage</soon>
</extension>
</metadata>

2011-09-22 21:11:48	I	msg:[DECODE] Next file is /home/webapps/uploads/uploads/3-09_Stay_Away_The_Devonshire_Mixes.mp3
2011-09-22 21:11:48	W	msg:Could not load metadata because could not open file #!/home/webapps/.virtualenvs/shoutcast/bin/python /home/webapps/websites/django-shoutcast/shoutcast/manage.py queue
2011-09-22 21:11:58	I	msg:[UVOX2] 1847738801 Sending metadata 3902 [576 bytes] content=
<?xml version="1.0" encoding="UTF-8" ?>
<metadata>
<TALB>Nevermind (Limited Super Deluxe Edition) [Disc 3]</TALB>
<TCON v1="17"></TCON>
<TDRC><year>2011</year></TDRC>
<TENC>TRANSCast DNAS/posix(linux x86) v2.0.0.51</TENC>
<TIT2>Stay Away (The Devonshire Mixes)</TIT2>
<TPE1>Nirvana</TPE1>
<TPOS total="4">3</TPOS>
<TRCK total="11">9</TRCK>
<TYER>2011</TYER>
<extension>
	<title seq="1">Nirvana - Stay Away (The Devonshire Mixes)</title>
	<title seq="2">manage</title>
	<title seq="3">manage</title>
	<title seq="4">manage</title>
	<soon>manage</soon>
</extension>
</metadata>

2011-09-22 21:15:07	I	msg:[DECODE] Next file is /home/webapps/uploads/uploads/1-16_Curmudgeon_B-Side_1.mp3
2011-09-22 21:15:07	W	msg:Could not load metadata because could not open file #!/home/webapps/.virtualenvs/shoutcast/bin/python /home/webapps/websites/django-shoutcast/shoutcast/manage.py queue
2011-09-22 21:15:17	I	msg:[UVOX2] 1847738801 Sending metadata 3902 [583 bytes] content=
<?xml version="1.0" encoding="UTF-8" ?>
<metadata>
<TALB>Nevermind (Limited Super Deluxe Edition) [Disc 1]</TALB>
<TCON v1="17"></TCON>
<TDRC><year>2011</year></TDRC>
<TENC>TRANSCast DNAS/posix(linux x86) v2.0.0.51</TENC>
<TIT2>Curmudgeon [B-Side]</TIT2>
<TPE1>Nirvana</TPE1>
<TPOS total="4">1</TPOS>
<TPUB>Geffen (Universal)</TPUB>
<TRCK total="22">16</TRCK>
<TYER>2011</TYER>
<extension>
	<title seq="1">Nirvana - Curmudgeon [B-Side]</title>
	<title seq="2">manage</title>
	<title seq="3">manage</title>
	<title seq="4">manage</title>
	<soon>manage</soon>
</extension>
</metadata>

2011-09-22 21:18:04	I	msg:[DECODE] Next file is /home/webapps/uploads/uploads/13._Through_the_Hosiery_1.mp3
2011-09-22 21:18:04	W	msg:Could not load metadata because could not open file #!/home/webapps/.virtualenvs/shoutcast/bin/python /home/webapps/websites/django-shoutcast/shoutcast/manage.py queue
2011-09-22 21:18:14	I	msg:[UVOX2] 1847738801 Sending metadata 3902 [604 bytes] content=
<?xml version="1.0" encoding="UTF-8" ?>
<metadata>
<TALB>Crystal Castles</TALB>
<TCON>Electronic</TCON>
<TDRC><year>2008</year></TDRC>
<TENC>TRANSCast DNAS/posix(linux x86) v2.0.0.51</TENC>
<TIT2>Through the Hosiery</TIT2>
<TLEN>186920</TLEN>
<TPE1>Crystal Castles</TPE1>
<TRCK>13</TRCK>
<TSSE>LAME 32bits version 3.98 (beta 6, Mar 12 2008) (http://www.mp3dev.org/)</TSSE>
<TYER>2008</TYER>
<extension>
	<title seq="1">Crystal Castles - Through the Hosiery</title>
	<title seq="2">manage</title>
	<title seq="3">manage</title>
	<title seq="4">manage</title>
	<soon>manage</soon>
</extension>
</metadata>

2011-09-22 21:21:09	I	msg:[DECODE] Next file is /home/webapps/uploads/uploads/13._Through_the_Hosiery_1.mp3
2011-09-22 21:21:09	W	msg:Could not load metadata because could not open file #!/home/webapps/.virtualenvs/shoutcast/bin/python /home/webapps/websites/django-shoutcast/shoutcast/manage.py queue
2011-09-22 21:21:19	I	msg:[UVOX2] 1847738801 Sending metadata 3902 [604 bytes] content=
<?xml version="1.0" encoding="UTF-8" ?>
<metadata>
<TALB>Crystal Castles</TALB>
<TCON>Electronic</TCON>
<TDRC><year>2008</year></TDRC>
<TENC>TRANSCast DNAS/posix(linux x86) v2.0.0.51</TENC>
<TIT2>Through the Hosiery</TIT2>
<TLEN>186920</TLEN>
<TPE1>Crystal Castles</TPE1>
<TRCK>13</TRCK>
<TSSE>LAME 32bits version 3.98 (beta 6, Mar 12 2008) (http://www.mp3dev.org/)</TSSE>
<TYER>2008</TYER>
<extension>
	<title seq="1">Crystal Castles - Through the Hosiery</title>
	<title seq="2">manage</title>
	<title seq="3">manage</title>
	<title seq="4">manage</title>
	<soon>manage</soon>
</extension>
</metadata>

2011-09-22 21:24:15	I	msg:[DECODE] Next file is /home/webapps/uploads/uploads/2-07_Dive_Smart_Sessions.mp3
2011-09-22 21:24:15	W	msg:Could not load metadata because could not open file #!/home/webapps/.virtualenvs/shoutcast/bin/python /home/webapps/websites/django-shoutcast/shoutcast/manage.py queue
2011-09-22 21:24:25	I	msg:[UVOX2] 1847738801 Sending metadata 3902 [554 bytes] content=
<?xml version="1.0" encoding="UTF-8" ?>
<metadata>
<TALB>Nevermind (Limited Super Deluxe Edition) [Disc 2]</TALB>
<TCON v1="17"></TCON>
<TDRC><year>2011</year></TDRC>
<TENC>TRANSCast DNAS/posix(linux x86) v2.0.0.51</TENC>
<TIT2>Dive (Smart Sessions)</TIT2>
<TPE1>Nirvana</TPE1>
<TPOS total="4">2</TPOS>
<TRCK total="18">7</TRCK>
<TYER>2011</TYER>
<extension>
	<title seq="1">Nirvana - Dive (Smart Sessions)</title>
	<title seq="2">manage</title>
	<title seq="3">manage</title>
	<title seq="4">manage</title>
	<soon>manage</soon>
</extension>
</metadata>

2011-09-22 21:28:08	I	msg:[DECODE] Next file is /home/webapps/uploads/uploads/07._Courtship_Dating_1.mp3
2011-09-22 21:28:08	W	msg:Could not load metadata because could not open file #!/home/webapps/.virtualenvs/shoutcast/bin/python /home/webapps/websites/django-shoutcast/shoutcast/manage.py queue
2011-09-22 21:28:18	I	msg:[UVOX2] 1847738801 Sending metadata 3902 [598 bytes] content=
<?xml version="1.0" encoding="UTF-8" ?>
<metadata>
<TALB>Crystal Castles</TALB>
<TCON>Electronic</TCON>
<TDRC><year>2008</year></TDRC>
<TENC>TRANSCast DNAS/posix(linux x86) v2.0.0.51</TENC>
<TIT2>Courtship Dating</TIT2>
<TLEN>210453</TLEN>
<TPE1>Crystal Castles</TPE1>
<TRCK>07</TRCK>
<TSSE>LAME 32bits version 3.98 (beta 6, Mar 12 2008) (http://www.mp3dev.org/)</TSSE>
<TYER>2008</TYER>
<extension>
	<title seq="1">Crystal Castles - Courtship Dating</title>
	<title seq="2">manage</title>
	<title seq="3">manage</title>
	<title seq="4">manage</title>
	<soon>manage</soon>
</extension>
</metadata>

2011-09-22 21:31:38	I	msg:[DECODE] Next file is /home/webapps/uploads/uploads/10_-_Thumbing_My_Way_Chop_Suey_Seattle_9-6-02.mp3
2011-09-22 21:31:38	W	msg:Could not load metadata because could not open file #!/home/webapps/.virtualenvs/shoutcast/bin/python /home/webapps/websites/django-shoutcast/shoutcast/manage.py queue
2011-09-22 21:31:48	I	msg:[UVOX2] 1847738801 Sending metadata 3902 [579 bytes] content=
<?xml version="1.0" encoding="UTF-8" ?>
<metadata>
<TALB>Pearl Jam Twenty [Disc 1 - From the Film &apos;PJ20&apos;]</TALB>
<TCON>Alternative</TCON>
<TDRC><year>2011</year></TDRC>
<TENC>TRANSCast DNAS/posix(linux x86) v2.0.0.51</TENC>
<TIT2>Thumbing My Way (Chop Suey, Seattle 9-6-02)</TIT2>
<TPE1>Pearl Jam</TPE1>
<TRCK>10</TRCK>
<TYER>2011</TYER>
<extension>
	<title seq="1">Pearl Jam - Thumbing My Way (Chop Suey, Seattle 9-6-02)</title>
	<title seq="2">manage</title>
	<title seq="3">manage</title>
	<title seq="4">manage</title>
	<soon>manage</soon>
</extension>
</metadata>

2011-09-22 21:35:59	I	msg:[DECODE] Next file is /home/webapps/uploads/uploads/3-09_Stay_Away_The_Devonshire_Mixes_1.mp3
2011-09-22 21:35:59	W	msg:Could not load metadata because could not open file #!/home/webapps/.virtualenvs/shoutcast/bin/python /home/webapps/websites/django-shoutcast/shoutcast/manage.py queue
2011-09-22 21:36:09	I	msg:[UVOX2] 1847738801 Sending metadata 3902 [576 bytes] content=
<?xml version="1.0" encoding="UTF-8" ?>
<metadata>
<TALB>Nevermind (Limited Super Deluxe Edition) [Disc 3]</TALB>
<TCON v1="17"></TCON>
<TDRC><year>2011</year></TDRC>
<TENC>TRANSCast DNAS/posix(linux x86) v2.0.0.51</TENC>
<TIT2>Stay Away (The Devonshire Mixes)</TIT2>
<TPE1>Nirvana</TPE1>
<TPOS total="4">3</TPOS>
<TRCK total="11">9</TRCK>
<TYER>2011</TYER>
<extension>
	<title seq="1">Nirvana - Stay Away (The Devonshire Mixes)</title>
	<title seq="2">manage</title>
	<title seq="3">manage</title>
	<title seq="4">manage</title>
	<soon>manage</soon>
</extension>
</metadata>

2011-09-22 21:39:18	I	msg:[DECODE] Next file is /home/webapps/uploads/uploads/1-21_Sliver_Live.mp3
2011-09-22 21:39:19	W	msg:Could not load metadata because could not open file #!/home/webapps/.virtualenvs/shoutcast/bin/python /home/webapps/websites/django-shoutcast/shoutcast/manage.py queue
2011-09-22 21:39:29	I	msg:[UVOX2] 1847738801 Sending metadata 3902 [571 bytes] content=
<?xml version="1.0" encoding="UTF-8" ?>
<metadata>
<TALB>Nevermind (Limited Super Deluxe Edition) [Disc 1]</TALB>
<TCON v1="17"></TCON>
<TDRC><year>2011</year></TDRC>
<TENC>TRANSCast DNAS/posix(linux x86) v2.0.0.51</TENC>
<TIT2>Sliver [Live]</TIT2>
<TPE1>Nirvana</TPE1>
<TPOS total="4">1</TPOS>
<TPUB>Geffen (Universal)</TPUB>
<TRCK total="22">21</TRCK>
<TYER>2011</TYER>
<extension>
	<title seq="1">Nirvana - Sliver [Live]</title>
	<title seq="2">manage</title>
	<title seq="3">manage</title>
	<title seq="4">manage</title>
	<soon>manage</soon>
</extension>
</metadata>

2011-09-22 21:41:21	I	msg:[DECODE] Next file is /home/webapps/uploads/uploads/1-12_Something_In_The_Way_1.mp3
2011-09-22 21:41:21	W	msg:Could not load metadata because could not open file #!/home/webapps/.virtualenvs/shoutcast/bin/python /home/webapps/websites/django-shoutcast/shoutcast/manage.py queue
2011-09-22 21:41:31	I	msg:[UVOX2] 1847738801 Sending metadata 3902 [585 bytes] content=
<?xml version="1.0" encoding="UTF-8" ?>
<metadata>
<TALB>Nevermind (Limited Super Deluxe Edition) [Disc 1]</TALB>
<TCON v1="17"></TCON>
<TDRC><year>2011</year></TDRC>
<TENC>TRANSCast DNAS/posix(linux x86) v2.0.0.51</TENC>
<TIT2>Something In The Way</TIT2>
<TPE1>Nirvana</TPE1>
<TPOS total="4">1</TPOS>
<TPUB>Geffen (Universal)</TPUB>
<TRCK total="22">12</TRCK>
<TYER>2011</TYER>
<extension>
	<title seq="1">Nirvana - Something In The Way</title>
	<title seq="2">manage</title>
	<title seq="3">manage</title>
	<title seq="4">manage</title>
	<soon>manage</soon>
</extension>
</metadata>

2011-09-22 21:45:12	I	msg:[DECODE] Next file is /home/webapps/uploads/uploads/08_-_Nothing_As_It_Seems_Demo_1999.mp3
2011-09-22 21:45:12	W	msg:Could not load metadata because could not open file #!/home/webapps/.virtualenvs/shoutcast/bin/python /home/webapps/websites/django-shoutcast/shoutcast/manage.py queue
2011-09-22 21:45:22	I	msg:[UVOX2] 1847738801 Sending metadata 3902 [551 bytes] content=
<?xml version="1.0" encoding="UTF-8" ?>
<metadata>
<TALB>Pearl Jam Twenty [Disc Two - Rarities and Inspiration]</TALB>
<TCON>Alternative</TCON>
<TDRC><year>2011</year></TDRC>
<TENC>TRANSCast DNAS/posix(linux x86) v2.0.0.51</TENC>
<TIT2>Nothing As It Seems (Demo 1999)</TIT2>
<TPE1>Pearl Jam</TPE1>
<TRCK>08</TRCK>
<TYER>2011</TYER>
<extension>
	<title seq="1">Pearl Jam - Nothing As It Seems (Demo 1999)</title>
	<title seq="2">manage</title>
	<title seq="3">manage</title>
	<title seq="4">manage</title>
	<soon>manage</soon>
</extension>
</metadata>

2011-09-22 21:49:53	I	msg:[DECODE] Next file is /home/webapps/uploads/uploads/2-17_Drain_You_BBC_Live_1.mp3
2011-09-22 21:49:53	W	msg:Could not load metadata because could not open file #!/home/webapps/.virtualenvs/shoutcast/bin/python /home/webapps/websites/django-shoutcast/shoutcast/manage.py queue
2011-09-22 21:50:03	I	msg:[UVOX2] 1847738801 Sending metadata 3902 [553 bytes] content=
<?xml version="1.0" encoding="UTF-8" ?>
<metadata>
<TALB>Nevermind (Limited Super Deluxe Edition) [Disc 2]</TALB>
<TCON v1="17"></TCON>
<TDRC><year>2011</year></TDRC>
<TENC>TRANSCast DNAS/posix(linux x86) v2.0.0.51</TENC>
<TIT2>Drain You (BBC Live)</TIT2>
<TPE1>Nirvana</TPE1>
<TPOS total="4">2</TPOS>
<TRCK total="18">17</TRCK>
<TYER>2011</TYER>
<extension>
	<title seq="1">Nirvana - Drain You (BBC Live)</title>
	<title seq="2">manage</title>
	<title seq="3">manage</title>
	<title seq="4">manage</title>
	<soon>manage</soon>
</extension>
</metadata>

2011-09-22 21:53:55	I	msg:[DECODE] Next file is /home/webapps/uploads/uploads/2-17_Drain_You_BBC_Live.mp3
2011-09-22 21:53:55	W	msg:Could not load metadata because could not open file #!/home/webapps/.virtualenvs/shoutcast/bin/python /home/webapps/websites/django-shoutcast/shoutcast/manage.py queue
2011-09-22 21:54:05	I	msg:[UVOX2] 1847738801 Sending metadata 3902 [553 bytes] content=
<?xml version="1.0" encoding="UTF-8" ?>
<metadata>
<TALB>Nevermind (Limited Super Deluxe Edition) [Disc 2]</TALB>
<TCON v1="17"></TCON>
<TDRC><year>2011</year></TDRC>
<TENC>TRANSCast DNAS/posix(linux x86) v2.0.0.51</TENC>
<TIT2>Drain You (BBC Live)</TIT2>
<TPE1>Nirvana</TPE1>
<TPOS total="4">2</TPOS>
<TRCK total="18">17</TRCK>
<TYER>2011</TYER>
<extension>
	<title seq="1">Nirvana - Drain You (BBC Live)</title>
	<title seq="2">manage</title>
	<title seq="3">manage</title>
	<title seq="4">manage</title>
	<soon>manage</soon>
</extension>
</metadata>

