2011-09-22 18:36:35	I	msg:<***>	Logger startup
2011-09-22 18:36:35	I	msg:<***>	version 2.0.0.51
2011-09-22 18:36:35	D	msg:<***>	
2011-09-22 18:36:35	I	msg:***************************************************************
2011-09-22 18:36:35	I	msg:** TRANScast Distributed Network Audio Content Provider
2011-09-22 18:36:35	I	msg:** Copyright (C) 2000-2011 Nullsoft, Inc.  All Rights Reserved.
2011-09-22 18:36:35	I	msg:** Use "sc_trans filename.conf" to specify a config file.
2011-09-22 18:36:35	I	msg:***************************************************************
2011-09-22 18:36:35	I	msg:[TRANSCast] DNAS/posix(linux x86) v2.0.0.51 (Jul 29 2011) starting up...
2011-09-22 18:36:35	I	msg:[MAIN] PID: 30498
2011-09-22 18:36:35	I	msg:[MAIN] Loaded config from sc_trans_dj.conf
2011-09-22 18:36:35	I	msg:[MAIN] TimeMultiplier = 1, TimeShift = 0
2011-09-22 18:36:35	I	msg:[CALENDARMGR] Adding DJ event: m_djName=dj  m_archive=1  m_id=1 m_startDate=year:0,mon:0,mday:0,hour:0,min:0,sec:0,isdst:0,wday:0,yday:0 m_endDate=year:0,mon:0,mday:0,hour:0,min:0,sec:0,isdst:0,wday:0,yday:0 m_duration=0 m_timeOffset=year:0,mon:0,mday:0,hour:0,min:0,sec:0,isdst:0,wday:0,yday:0 m_hasStartDate=0 m_hasEndDate=0 m_hasDuration=0 m_hasTimeOffset=0 m_repeat=0
2011-09-22 18:36:35	I	msg:[VUPUSH] 101 VU images loaded for left channel
2011-09-22 18:36:35	I	msg:[VUPUSH] 101 VU images loaded for right channel
2011-09-22 18:36:35	I	msg:[PLAYLISTMGR] Playlist load from file playlists/main.lst
2011-09-22 18:36:35	I	msg:[PLAYLISTMGR] Caching playlist playlists/main.lst
2011-09-22 18:36:35	I	msg:[PLAYLISTMGR] Load complete
2011-09-22 18:36:35	I	msg:[MAIN] Streaming thread starting
2011-09-22 18:36:35	I	msg:[RESAMPLER] Deactivated 44100/2 == 44100/2
2011-09-22 18:36:35	I	msg:[SOURCEANDENDPOINTMANAGER] Encoder thread 1 starting
2011-09-22 18:36:35	I	msg:[SOURCEANDENDPOINTMANAGER] Broadcast thread 1 starting
2011-09-22 18:36:35	I	msg:[MAIN] Playlist decoder thread starting
2011-09-22 18:36:35	I	msg:[MICROSERVER] Listening for connection on port 8505
2011-09-22 18:36:35	I	msg:[MAIN] SHOUTcast 2 receiver thread starting
2011-09-22 18:36:35	I	msg:[MICROSERVER] Listening for connection on port 8501
2011-09-22 18:36:35	I	msg:[MAIN] Broadcast Receiver thread starting
2011-09-22 18:36:35	I	msg:[DECODE] Giving replay gain calculator a head start
2011-09-22 18:36:35	I	msg:[RGCALC] Thread running
2011-09-22 18:36:35	I	msg:[DECODE] Begin decoding
2011-09-22 18:36:35	I	msg:[UVOX2] 376455539 Giving replay gain calculator a head start
2011-09-22 18:36:35	I	msg:[UVOX2] 376455539 Running
2011-09-22 18:36:35	I	msg:[UVOX2] 376455539 Creating stream socket
2011-09-22 18:36:35	I	msg:[UVOX2] 376455539 Connecting to stream host
2011-09-22 18:36:35	I	msg:[UVOX2] 376455539 Sending Ultravox 2.1 authentication
2011-09-22 18:36:35	I	msg:[SOURCERELAY] Thread starting
2011-09-22 18:36:35	I	msg:[UVOX2] 376455539 Mime type
2011-09-22 18:36:35	I	msg:[UVOX2] 376455539 Broadcast setup
2011-09-22 18:36:35	I	msg:[UVOX2] 376455539 Negotiating buffer sizes
2011-09-22 18:36:35	I	msg:[UVOX2] 376455539 Negotiated buffer size is 480KB
2011-09-22 18:36:35	I	msg:[UVOX2] 376455539 Negotiating payload sizes
2011-09-22 18:36:35	I	msg:[UVOX2] 376455539 Negotiated payload size is 16377
2011-09-22 18:36:35	I	msg:[UVOX2] 376455539 Configuring ICY-NAME [Jonny two ninety]
2011-09-22 18:36:35	I	msg:[UVOX2] 376455539 Configuring ICY-GENRE [Misc]
2011-09-22 18:36:35	I	msg:[UVOX2] 376455539 Configuring ICY-URL [http://www.cattes.us/]
2011-09-22 18:36:35	I	msg:[UVOX2] 376455539 Configuring ICY-PUB [0]
2011-09-22 18:36:35	I	msg:[UVOX2] 376455539 Flush metadata
2011-09-22 18:36:35	I	msg:[UVOX2] 376455539 Standby
2011-09-22 18:36:35	I	msg:[UVOX2] 376455539 Streaming
2011-09-22 18:36:35	I	msg:[AAC] AAC setup complete
2011-09-22 18:36:35	E	msg:[PLAYLISTMGR] runRemoteApp WEXITSTATUS() == 2 [/home/webapps/.virtualenvs/shoutcast/bin/python /home/webapps/django-shoutcast/shoutcast/manage.py queue 3]
2011-09-22 18:36:35	I	msg:[PLAYLISTMGR] Deactivating playlist=main id=-1
2011-09-22 18:36:37	W	msg:[DECODE] Playlist is empty
2011-09-22 18:36:45	I	msg:[MAIN] Exiting loop
2011-09-22 18:36:45	E	msg:[DECODE] Playlist has run dry
2011-09-22 18:36:45	I	msg:[DECODE] Exiting decoder thread
2011-09-22 18:36:45	I	msg:[AAC] Exiting encoder thread
2011-09-22 18:36:46	I	msg:[RGCALC] Thread exiting
2011-09-22 18:36:46	I	msg:[RESAMPLER] tIn=0 tOut=0 bIn=0 bOut=0
2011-09-22 18:36:46	I	msg:[CROSSFADER] in=0 out=0
2011-09-22 18:36:46	I	msg:<***>	Logger shutdown
