2011-09-21 17:16:03	I	msg:<***>	Logger startup
2011-09-21 17:16:03	I	msg:<***>	version 2.0.0.51
2011-09-21 17:16:03	D	msg:<***>	
2011-09-21 17:16:03	I	msg:***************************************************************
2011-09-21 17:16:03	I	msg:** TRANScast Distributed Network Audio Content Provider
2011-09-21 17:16:03	I	msg:** Copyright (C) 2000-2011 Nullsoft, Inc.  All Rights Reserved.
2011-09-21 17:16:03	I	msg:** Use "sc_trans filename.conf" to specify a config file.
2011-09-21 17:16:03	I	msg:***************************************************************
2011-09-21 17:16:03	I	msg:[TRANSCast] DNAS/posix(linux x86) v2.0.0.51 (Jul 29 2011) starting up...
2011-09-21 17:16:03	I	msg:[MAIN] PID: 18897
2011-09-21 17:16:03	I	msg:[MAIN] Loaded config from sc_trans_dj.conf
2011-09-21 17:16:03	I	msg:[MAIN] TimeMultiplier = 1, TimeShift = 0
2011-09-21 17:16:03	I	msg:[CALENDARMGR] Adding DJ event: m_djName=dj  m_archive=1  m_id=1 m_startDate=year:0,mon:0,mday:0,hour:0,min:0,sec:0,isdst:0,wday:0,yday:0 m_endDate=year:0,mon:0,mday:0,hour:0,min:0,sec:0,isdst:0,wday:0,yday:0 m_duration=0 m_timeOffset=year:0,mon:0,mday:0,hour:0,min:0,sec:0,isdst:0,wday:0,yday:0 m_hasStartDate=0 m_hasEndDate=0 m_hasDuration=0 m_hasTimeOffset=0 m_repeat=0
2011-09-21 17:16:03	I	msg:[VUPUSH] 101 VU images loaded for left channel
2011-09-21 17:16:03	I	msg:[VUPUSH] 101 VU images loaded for right channel
2011-09-21 17:16:03	I	msg:[PLAYLISTMGR] Playlist load from file playlists/main.lst
2011-09-21 17:16:03	I	msg:[PLAYLISTMGR] Caching playlist playlists/main.lst
2011-09-21 17:16:03	I	msg:[PLAYLISTMGR] Load complete
2011-09-21 17:16:03	I	msg:[MAIN] Streaming thread starting
2011-09-21 17:16:03	I	msg:[SOURCERELAY] Thread starting
2011-09-21 17:16:03	I	msg:[RESAMPLER] Deactivated 44100/2 == 44100/2
2011-09-21 17:16:03	I	msg:[SOURCEANDENDPOINTMANAGER] Encoder thread 1 starting
2011-09-21 17:16:03	I	msg:[SOURCEANDENDPOINTMANAGER] Broadcast thread 1 starting
2011-09-21 17:16:03	I	msg:[UVOX2] 1012986716 Giving replay gain calculator a head start
2011-09-21 17:16:03	I	msg:[MAIN] Playlist decoder thread starting
2011-09-21 17:16:03	I	msg:[RGCALC] Thread running
2011-09-21 17:16:03	I	msg:[UVOX2] 1012986716 Running
2011-09-21 17:16:03	I	msg:[UVOX2] 1012986716 Creating stream socket
2011-09-21 17:16:03	I	msg:[MICROSERVER] Listening for connection on port 8505
2011-09-21 17:16:03	I	msg:[DECODE] Giving replay gain calculator a head start
2011-09-21 17:16:03	I	msg:[DECODE] Begin decoding
2011-09-21 17:16:03	I	msg:[UVOX2] 1012986716 Connecting to stream host
2011-09-21 17:16:03	I	msg:[MAIN] SHOUTcast 2 receiver thread starting
2011-09-21 17:16:03	I	msg:[MICROSERVER] Listening for connection on port 8501
2011-09-21 17:16:03	I	msg:[MAIN] Broadcast Receiver thread starting
2011-09-21 17:16:03	I	msg:[AAC] AAC setup complete
2011-09-21 17:16:03	I	msg:[UVOX2] 1012986716 Sending Ultravox 2.1 authentication
2011-09-21 17:16:03	I	msg:[UVOX2] 1012986716 Mime type
2011-09-21 17:16:03	I	msg:[UVOX2] 1012986716 Broadcast setup
2011-09-21 17:16:03	I	msg:[UVOX2] 1012986716 Negotiating buffer sizes
2011-09-21 17:16:03	I	msg:[UVOX2] 1012986716 Negotiated buffer size is 140KB
2011-09-21 17:16:03	I	msg:[UVOX2] 1012986716 Negotiating payload sizes
2011-09-21 17:16:03	I	msg:[UVOX2] 1012986716 Negotiated payload size is 16377
2011-09-21 17:16:03	I	msg:[UVOX2] 1012986716 Configuring ICY-NAME [Jonny two ninety]
2011-09-21 17:16:03	I	msg:[UVOX2] 1012986716 Configuring ICY-GENRE [Misc]
2011-09-21 17:16:03	I	msg:[UVOX2] 1012986716 Configuring ICY-URL [http://www.cattes.us/]
2011-09-21 17:16:03	I	msg:[UVOX2] 1012986716 Configuring ICY-PUB [0]
2011-09-21 17:16:03	I	msg:[UVOX2] 1012986716 Flush metadata
2011-09-21 17:16:03	I	msg:[UVOX2] 1012986716 Standby
2011-09-21 17:16:03	I	msg:[UVOX2] 1012986716 Streaming
2011-09-21 17:16:04	I	msg:[DECODE] Next file is /home/alan/Music/uploads/14_HAM_2.mp3
2011-09-21 17:16:04	W	msg:[MP3 DECODE] 499411723 Could not calculate file length
2011-09-21 17:16:04	W	msg:[MP3 DECODE] 1819731777 Could not calculate file length
2011-09-21 17:16:04	W	msg:Could not load metadata because could not open file #!/home/alan/.virtualenvs/shoutcast/bin/python /home/alan/coding/shoutcast-web/shoutcast/manage.py queue
2011-09-21 17:16:04	I	msg:[UVOX2] 1012986716 Sending metadata 3902 [205 bytes] content=
<?xml version="1.0" encoding="UTF-8" ?>
<metadata>
<TIT2>14_HAM_2</TIT2>
<extension>
	<title seq="1">14_HAM_2</title>
	<title seq="2">manage</title>
	<title seq="3">manage</title>
</extension>
</metadata>

2011-09-21 17:20:03	I	msg:[DECODE] Next file is /home/alan/Music/uploads/05_Gotta_Have_It.mp3
2011-09-21 17:20:03	W	msg:[MP3 DECODE] 301274007 Could not calculate file length
2011-09-21 17:20:03	W	msg:[MP3 DECODE] 2072897268 Could not calculate file length
2011-09-21 17:20:03	W	msg:Could not load metadata because could not open file #!/home/alan/.virtualenvs/shoutcast/bin/python /home/alan/coding/shoutcast-web/shoutcast/manage.py queue
2011-09-21 17:20:39	I	msg:[UVOX2] 1012986716 Sending metadata 3902 [273 bytes] content=
<?xml version="1.0" encoding="UTF-8" ?>
<metadata>
<TIT2>05_Gotta_Have_It</TIT2>
<extension>
	<title seq="1">05_Gotta_Have_It</title>
	<title seq="2">manage</title>
	<title seq="3">manage</title>
	<title seq="4">manage</title>
	<soon>manage</soon>
</extension>
</metadata>

2011-09-21 17:22:24	I	msg:[DECODE] Next file is /home/alan/Music/uploads/02_Lift_Off_feat__Beyonce_1.mp3
2011-09-21 17:22:24	W	msg:[MP3 DECODE] 1031207575 Could not calculate file length
2011-09-21 17:22:24	W	msg:[MP3 DECODE] 677324840 Could not calculate file length
2011-09-21 17:22:24	W	msg:Could not load metadata because could not open file #!/home/alan/.virtualenvs/shoutcast/bin/python /home/alan/coding/shoutcast-web/shoutcast/manage.py queue
2011-09-21 17:23:00	I	msg:[UVOX2] 1012986716 Sending metadata 3902 [295 bytes] content=
<?xml version="1.0" encoding="UTF-8" ?>
<metadata>
<TIT2>02_Lift_Off_feat__Beyonce_1</TIT2>
<extension>
	<title seq="1">02_Lift_Off_feat__Beyonce_1</title>
	<title seq="2">manage</title>
	<title seq="3">manage</title>
	<title seq="4">manage</title>
	<soon>manage</soon>
</extension>
</metadata>

2011-09-21 17:26:49	E	msg:[PLAYLISTMGR] runRemoteApp WEXITSTATUS() == 1 [/home/alan/.virtualenvs/shoutcast/bin/python /home/alan/coding/shoutcast-web/shoutcast/manage.py queue 3]
2011-09-21 17:26:49	I	msg:[PLAYLISTMGR] Deactivating playlist=main id=-1
2011-09-21 17:26:51	W	msg:[DECODE] Playlist is empty
2011-09-21 17:43:19	I	msg:[MAIN] Exiting loop
2011-09-21 17:43:19	I	msg:[AAC] Exiting encoder thread
2011-09-21 17:43:19	E	msg:[DECODE] Playlist has run dry
2011-09-21 17:43:19	I	msg:[DECODE] Exiting decoder thread
2011-09-21 17:43:20	I	msg:[RGCALC] Thread exiting
2011-09-21 17:43:20	I	msg:[RESAMPLER] tIn=682.919 tOut=682.919 bIn=120466944 bOut=120466944
2011-09-21 17:43:20	I	msg:[CROSSFADER] in=682.919 out=681.919
2011-09-21 17:43:20	I	msg:<***>	Logger shutdown
