2011-09-21 21:06:13	I	msg:<***>	Logger startup
2011-09-21 21:06:13	I	msg:<***>	version 2.0.0.29
2011-09-21 21:06:13	D	msg:<***>	
2011-09-21 21:06:13	I	msg:***************************************************************
2011-09-21 21:06:13	I	msg:** SHOUTcast Distributed Network Audio Server (DNAS)
2011-09-21 21:06:13	I	msg:** Copyright (C) 1999-2011 Nullsoft, Inc.  All Rights Reserved.
2011-09-21 21:06:13	I	msg:** Use "sc_serv filename.conf" to specify a config file.
2011-09-21 21:06:13	I	msg:***************************************************************
2011-09-21 21:06:13	I	msg:[SHOUTcast] DNAS/posix(linux x86) v2.0.0.29 (Jul 31 2011) starting up...
2011-09-21 21:06:13	I	msg:[MAIN] PID: 25933
2011-09-21 21:06:13	I	msg:[MAIN] Loaded config from sc_serv.conf
2011-09-21 21:06:13	I	msg:[MAIN] Calculated CPU count is 4
2011-09-21 21:06:13	I	msg:[MAIN] Starting 4 network threads
2011-09-21 21:06:13	I	msg:[MICROSERVER] Listening for connection on port 8000
2011-09-21 21:06:13	I	msg:[MICROSERVER] Listening for connection on port 8001
2011-09-21 21:06:24	I	msg:[SRC 127.0.0.1:60649] SHOUTcast 2 source connection.
2011-09-21 21:06:24	I	msg:[SRC 127.0.0.1:60649] Password accepted. Stream id is 1
2011-09-21 21:06:24	I	msg:[SRC 127.0.0.1:60649 sid=1] stream configuration complete. [
type=SHOUTcast 2
mimeType=audio/aacp
maxPayloadSize=16377
avgBitrate=56000
maxBitrate=56000
desiredBufferSize=140
minimumBufferSize=0
icyName=Jonny two ninety
icyGenre=Misc
icyURL=http://www.cattes.us/
icyPub=0
]
2011-09-21 21:06:25	I	msg:[SRC 127.0.0.1:60649 sid=1] Got complete metadata message type=3902 [257 bytes] id=1 span=1 content=
<?xml version="1.0" encoding="UTF-8" ?>
<metadata>
<TIT2>12_Why_I_Love_You_feat__Mr__Hudson</TIT2>
<extension>
	<title seq="1">12_Why_I_Love_You_feat__Mr__Hudson</title>
	<title seq="2">manage</title>
	<title seq="3">manage</title>
</extension>
</metadata>

2011-09-21 21:09:45	I	msg:[SRC 127.0.0.1:60649 sid=1] Got complete metadata message type=3902 [293 bytes] id=1 span=1 content=
<?xml version="1.0" encoding="UTF-8" ?>
<metadata>
<TIT2>08_Welcome_To_The_Jungle_1</TIT2>
<extension>
	<title seq="1">08_Welcome_To_The_Jungle_1</title>
	<title seq="2">manage</title>
	<title seq="3">manage</title>
	<title seq="4">manage</title>
	<soon>manage</soon>
</extension>
</metadata>

2011-09-21 21:12:39	I	msg:[SRC 127.0.0.1:60649 sid=1] Got complete metadata message type=3902 [309 bytes] id=1 span=1 content=
<?xml version="1.0" encoding="UTF-8" ?>
<metadata>
<TIT2>12_Why_I_Love_You_feat__Mr__Hudson</TIT2>
<extension>
	<title seq="1">12_Why_I_Love_You_feat__Mr__Hudson</title>
	<title seq="2">manage</title>
	<title seq="3">manage</title>
	<title seq="4">manage</title>
	<soon>manage</soon>
</extension>
</metadata>

2011-09-21 21:16:01	I	msg:[SRC 127.0.0.1:60649 sid=1] Got complete metadata message type=3902 [293 bytes] id=1 span=1 content=
<?xml version="1.0" encoding="UTF-8" ?>
<metadata>
<TIT2>08_Welcome_To_The_Jungle_1</TIT2>
<extension>
	<title seq="1">08_Welcome_To_The_Jungle_1</title>
	<title seq="2">manage</title>
	<title seq="3">manage</title>
	<title seq="4">manage</title>
	<soon>manage</soon>
</extension>
</metadata>

2011-09-21 21:18:55	I	msg:[SRC 127.0.0.1:60649 sid=1] Got complete metadata message type=3902 [265 bytes] id=1 span=1 content=
<?xml version="1.0" encoding="UTF-8" ?>
<metadata>
<TIT2>15_Primetime</TIT2>
<extension>
	<title seq="1">15_Primetime</title>
	<title seq="2">manage</title>
	<title seq="3">manage</title>
	<title seq="4">manage</title>
	<soon>manage</soon>
</extension>
</metadata>

2011-09-21 21:22:14	I	msg:[SRC 127.0.0.1:60649 sid=1] Got complete metadata message type=3902 [293 bytes] id=1 span=1 content=
<?xml version="1.0" encoding="UTF-8" ?>
<metadata>
<TIT2>08_Welcome_To_The_Jungle_1</TIT2>
<extension>
	<title seq="1">08_Welcome_To_The_Jungle_1</title>
	<title seq="2">manage</title>
	<title seq="3">manage</title>
	<title seq="4">manage</title>
	<soon>manage</soon>
</extension>
</metadata>

2011-09-21 21:25:08	I	msg:[SRC 127.0.0.1:60649 sid=1] Got complete metadata message type=3902 [293 bytes] id=1 span=1 content=
<?xml version="1.0" encoding="UTF-8" ?>
<metadata>
<TIT2>08_Welcome_To_The_Jungle_1</TIT2>
<extension>
	<title seq="1">08_Welcome_To_The_Jungle_1</title>
	<title seq="2">manage</title>
	<title seq="3">manage</title>
	<title seq="4">manage</title>
	<soon>manage</soon>
</extension>
</metadata>

2011-09-21 21:28:03	I	msg:[SRC 127.0.0.1:60649 sid=1] Got complete metadata message type=3902 [293 bytes] id=1 span=1 content=
<?xml version="1.0" encoding="UTF-8" ?>
<metadata>
<TIT2>08_Welcome_To_The_Jungle_1</TIT2>
<extension>
	<title seq="1">08_Welcome_To_The_Jungle_1</title>
	<title seq="2">manage</title>
	<title seq="3">manage</title>
	<title seq="4">manage</title>
	<soon>manage</soon>
</extension>
</metadata>

2011-09-21 21:30:57	I	msg:[SRC 127.0.0.1:60649 sid=1] Got complete metadata message type=3902 [293 bytes] id=1 span=1 content=
<?xml version="1.0" encoding="UTF-8" ?>
<metadata>
<TIT2>08_Welcome_To_The_Jungle_1</TIT2>
<extension>
	<title seq="1">08_Welcome_To_The_Jungle_1</title>
	<title seq="2">manage</title>
	<title seq="3">manage</title>
	<title seq="4">manage</title>
	<soon>manage</soon>
</extension>
</metadata>

2011-09-21 21:33:51	I	msg:[SRC 127.0.0.1:60649 sid=1] Got complete metadata message type=3902 [265 bytes] id=1 span=1 content=
<?xml version="1.0" encoding="UTF-8" ?>
<metadata>
<TIT2>15_Primetime</TIT2>
<extension>
	<title seq="1">15_Primetime</title>
	<title seq="2">manage</title>
	<title seq="3">manage</title>
	<title seq="4">manage</title>
	<soon>manage</soon>
</extension>
</metadata>

2011-09-21 21:37:10	I	msg:[SRC 127.0.0.1:60649 sid=1] Got complete metadata message type=3902 [265 bytes] id=1 span=1 content=
<?xml version="1.0" encoding="UTF-8" ?>
<metadata>
<TIT2>15_Primetime</TIT2>
<extension>
	<title seq="1">15_Primetime</title>
	<title seq="2">manage</title>
	<title seq="3">manage</title>
	<title seq="4">manage</title>
	<soon>manage</soon>
</extension>
</metadata>

2011-09-21 21:40:30	I	msg:[SRC 127.0.0.1:60649 sid=1] Got complete metadata message type=3902 [293 bytes] id=1 span=1 content=
<?xml version="1.0" encoding="UTF-8" ?>
<metadata>
<TIT2>08_Welcome_To_The_Jungle_1</TIT2>
<extension>
	<title seq="1">08_Welcome_To_The_Jungle_1</title>
	<title seq="2">manage</title>
	<title seq="3">manage</title>
	<title seq="4">manage</title>
	<soon>manage</soon>
</extension>
</metadata>

2011-09-21 21:43:24	I	msg:[SRC 127.0.0.1:60649 sid=1] Got complete metadata message type=3902 [309 bytes] id=1 span=1 content=
<?xml version="1.0" encoding="UTF-8" ?>
<metadata>
<TIT2>12_Why_I_Love_You_feat__Mr__Hudson</TIT2>
<extension>
	<title seq="1">12_Why_I_Love_You_feat__Mr__Hudson</title>
	<title seq="2">manage</title>
	<title seq="3">manage</title>
	<title seq="4">manage</title>
	<soon>manage</soon>
</extension>
</metadata>

2011-09-21 21:46:45	I	msg:[SRC 127.0.0.1:60649 sid=1] Got complete metadata message type=3902 [265 bytes] id=1 span=1 content=
<?xml version="1.0" encoding="UTF-8" ?>
<metadata>
<TIT2>15_Primetime</TIT2>
<extension>
	<title seq="1">15_Primetime</title>
	<title seq="2">manage</title>
	<title seq="3">manage</title>
	<title seq="4">manage</title>
	<soon>manage</soon>
</extension>
</metadata>

2011-09-21 21:50:04	I	msg:[SRC 127.0.0.1:60649 sid=1] Got complete metadata message type=3902 [293 bytes] id=1 span=1 content=
<?xml version="1.0" encoding="UTF-8" ?>
<metadata>
<TIT2>08_Welcome_To_The_Jungle_1</TIT2>
<extension>
	<title seq="1">08_Welcome_To_The_Jungle_1</title>
	<title seq="2">manage</title>
	<title seq="3">manage</title>
	<title seq="4">manage</title>
	<soon>manage</soon>
</extension>
</metadata>

2011-09-21 21:53:29	E	msg:[SRC 127.0.0.1:60649 sid=1] Timeout waiting for data (1316667209 1316667179[30] )
2011-09-21 22:37:55	I	msg:[SRC 127.0.0.1:47010] SHOUTcast 2 source connection.
2011-09-21 22:37:55	I	msg:[SRC 127.0.0.1:47010] Password accepted. Stream id is 1
2011-09-21 22:37:55	I	msg:[SRC 127.0.0.1:47010 sid=1] stream configuration complete. [
type=SHOUTcast 2
mimeType=audio/aacp
maxPayloadSize=16377
avgBitrate=56000
maxBitrate=56000
desiredBufferSize=140
minimumBufferSize=0
icyName=Jonny two ninety
icyGenre=Misc
icyURL=http://www.cattes.us/
icyPub=0
]
2011-09-21 22:37:57	I	msg:[SRC 127.0.0.1:47010 sid=1] Got complete metadata message type=3902 [225 bytes] id=1 span=1 content=
<?xml version="1.0" encoding="UTF-8" ?>
<metadata>
<TIT2>09_Who_Gon_Stop_Me</TIT2>
<extension>
	<title seq="1">09_Who_Gon_Stop_Me</title>
	<title seq="2">manage</title>
	<title seq="3">manage</title>
</extension>
</metadata>

2011-09-21 22:42:12	I	msg:[SRC 127.0.0.1:47010 sid=1] Got complete metadata message type=3902 [291 bytes] id=1 span=1 content=
<?xml version="1.0" encoding="UTF-8" ?>
<metadata>
<TIT2>02_Lift_Off_feat__Beyonce</TIT2>
<extension>
	<title seq="1">02_Lift_Off_feat__Beyonce</title>
	<title seq="2">manage</title>
	<title seq="3">manage</title>
	<title seq="4">manage</title>
	<soon>manage</soon>
</extension>
</metadata>

2011-09-21 22:46:38	I	msg:[SRC 127.0.0.1:47010 sid=1] Got complete metadata message type=3902 [277 bytes] id=1 span=1 content=
<?xml version="1.0" encoding="UTF-8" ?>
<metadata>
<TIT2>09_Who_Gon_Stop_Me</TIT2>
<extension>
	<title seq="1">09_Who_Gon_Stop_Me</title>
	<title seq="2">manage</title>
	<title seq="3">manage</title>
	<title seq="4">manage</title>
	<soon>manage</soon>
</extension>
</metadata>

2011-09-21 22:50:55	I	msg:[SRC 127.0.0.1:47010 sid=1] Got complete metadata message type=3902 [277 bytes] id=1 span=1 content=
<?xml version="1.0" encoding="UTF-8" ?>
<metadata>
<TIT2>09_Who_Gon_Stop_Me</TIT2>
<extension>
	<title seq="1">09_Who_Gon_Stop_Me</title>
	<title seq="2">manage</title>
	<title seq="3">manage</title>
	<title seq="4">manage</title>
	<soon>manage</soon>
</extension>
</metadata>

2011-09-21 22:55:12	I	msg:[SRC 127.0.0.1:47010 sid=1] Got complete metadata message type=3902 [291 bytes] id=1 span=1 content=
<?xml version="1.0" encoding="UTF-8" ?>
<metadata>
<TIT2>02_Lift_Off_feat__Beyonce</TIT2>
<extension>
	<title seq="1">02_Lift_Off_feat__Beyonce</title>
	<title seq="2">manage</title>
	<title seq="3">manage</title>
	<title seq="4">manage</title>
	<soon>manage</soon>
</extension>
</metadata>

2011-09-21 22:59:38	I	msg:[SRC 127.0.0.1:47010 sid=1] Got complete metadata message type=3902 [291 bytes] id=1 span=1 content=
<?xml version="1.0" encoding="UTF-8" ?>
<metadata>
<TIT2>02_Lift_Off_feat__Beyonce</TIT2>
<extension>
	<title seq="1">02_Lift_Off_feat__Beyonce</title>
	<title seq="2">manage</title>
	<title seq="3">manage</title>
	<title seq="4">manage</title>
	<soon>manage</soon>
</extension>
</metadata>

2011-09-21 23:04:04	I	msg:[SRC 127.0.0.1:47010 sid=1] Got complete metadata message type=3902 [277 bytes] id=1 span=1 content=
<?xml version="1.0" encoding="UTF-8" ?>
<metadata>
<TIT2>09_Who_Gon_Stop_Me</TIT2>
<extension>
	<title seq="1">09_Who_Gon_Stop_Me</title>
	<title seq="2">manage</title>
	<title seq="3">manage</title>
	<title seq="4">manage</title>
	<soon>manage</soon>
</extension>
</metadata>

2011-09-21 23:08:21	I	msg:[SRC 127.0.0.1:47010 sid=1] Got complete metadata message type=3902 [277 bytes] id=1 span=1 content=
<?xml version="1.0" encoding="UTF-8" ?>
<metadata>
<TIT2>09_Who_Gon_Stop_Me</TIT2>
<extension>
	<title seq="1">09_Who_Gon_Stop_Me</title>
	<title seq="2">manage</title>
	<title seq="3">manage</title>
	<title seq="4">manage</title>
	<soon>manage</soon>
</extension>
</metadata>

2011-09-21 23:12:38	I	msg:[SRC 127.0.0.1:47010 sid=1] Got complete metadata message type=3902 [277 bytes] id=1 span=1 content=
<?xml version="1.0" encoding="UTF-8" ?>
<metadata>
<TIT2>09_Who_Gon_Stop_Me</TIT2>
<extension>
	<title seq="1">09_Who_Gon_Stop_Me</title>
	<title seq="2">manage</title>
	<title seq="3">manage</title>
	<title seq="4">manage</title>
	<soon>manage</soon>
</extension>
</metadata>

2011-09-21 23:16:55	I	msg:[SRC 127.0.0.1:47010 sid=1] Got complete metadata message type=3902 [291 bytes] id=1 span=1 content=
<?xml version="1.0" encoding="UTF-8" ?>
<metadata>
<TIT2>02_Lift_Off_feat__Beyonce</TIT2>
<extension>
	<title seq="1">02_Lift_Off_feat__Beyonce</title>
	<title seq="2">manage</title>
	<title seq="3">manage</title>
	<title seq="4">manage</title>
	<soon>manage</soon>
</extension>
</metadata>

2011-09-21 23:21:21	I	msg:[SRC 127.0.0.1:47010 sid=1] Got complete metadata message type=3902 [291 bytes] id=1 span=1 content=
<?xml version="1.0" encoding="UTF-8" ?>
<metadata>
<TIT2>02_Lift_Off_feat__Beyonce</TIT2>
<extension>
	<title seq="1">02_Lift_Off_feat__Beyonce</title>
	<title seq="2">manage</title>
	<title seq="3">manage</title>
	<title seq="4">manage</title>
	<soon>manage</soon>
</extension>
</metadata>

2011-09-21 23:25:48	I	msg:[SRC 127.0.0.1:47010 sid=1] Got complete metadata message type=3902 [277 bytes] id=1 span=1 content=
<?xml version="1.0" encoding="UTF-8" ?>
<metadata>
<TIT2>09_Who_Gon_Stop_Me</TIT2>
<extension>
	<title seq="1">09_Who_Gon_Stop_Me</title>
	<title seq="2">manage</title>
	<title seq="3">manage</title>
	<title seq="4">manage</title>
	<soon>manage</soon>
</extension>
</metadata>

2011-09-21 23:30:04	I	msg:[SRC 127.0.0.1:47010 sid=1] Got complete metadata message type=3902 [291 bytes] id=1 span=1 content=
<?xml version="1.0" encoding="UTF-8" ?>
<metadata>
<TIT2>02_Lift_Off_feat__Beyonce</TIT2>
<extension>
	<title seq="1">02_Lift_Off_feat__Beyonce</title>
	<title seq="2">manage</title>
	<title seq="3">manage</title>
	<title seq="4">manage</title>
	<soon>manage</soon>
</extension>
</metadata>

2011-09-21 23:34:31	I	msg:[SRC 127.0.0.1:47010 sid=1] Got complete metadata message type=3902 [291 bytes] id=1 span=1 content=
<?xml version="1.0" encoding="UTF-8" ?>
<metadata>
<TIT2>02_Lift_Off_feat__Beyonce</TIT2>
<extension>
	<title seq="1">02_Lift_Off_feat__Beyonce</title>
	<title seq="2">manage</title>
	<title seq="3">manage</title>
	<title seq="4">manage</title>
	<soon>manage</soon>
</extension>
</metadata>

2011-09-21 23:38:57	I	msg:[SRC 127.0.0.1:47010 sid=1] Got complete metadata message type=3902 [253 bytes] id=1 span=1 content=
<?xml version="1.0" encoding="UTF-8" ?>
<metadata>
<TIT2>14_HAM</TIT2>
<extension>
	<title seq="1">14_HAM</title>
	<title seq="2">manage</title>
	<title seq="3">manage</title>
	<title seq="4">manage</title>
	<soon>manage</soon>
</extension>
</metadata>

2011-09-21 23:43:33	I	msg:[SRC 127.0.0.1:47010 sid=1] Got complete metadata message type=3902 [253 bytes] id=1 span=1 content=
<?xml version="1.0" encoding="UTF-8" ?>
<metadata>
<TIT2>14_HAM</TIT2>
<extension>
	<title seq="1">14_HAM</title>
	<title seq="2">manage</title>
	<title seq="3">manage</title>
	<title seq="4">manage</title>
	<soon>manage</soon>
</extension>
</metadata>

2011-09-21 23:48:09	I	msg:[SRC 127.0.0.1:47010 sid=1] Got complete metadata message type=3902 [277 bytes] id=1 span=1 content=
<?xml version="1.0" encoding="UTF-8" ?>
<metadata>
<TIT2>09_Who_Gon_Stop_Me</TIT2>
<extension>
	<title seq="1">09_Who_Gon_Stop_Me</title>
	<title seq="2">manage</title>
	<title seq="3">manage</title>
	<title seq="4">manage</title>
	<soon>manage</soon>
</extension>
</metadata>

2011-09-21 23:52:25	I	msg:[SRC 127.0.0.1:47010 sid=1] Got complete metadata message type=3902 [291 bytes] id=1 span=1 content=
<?xml version="1.0" encoding="UTF-8" ?>
<metadata>
<TIT2>02_Lift_Off_feat__Beyonce</TIT2>
<extension>
	<title seq="1">02_Lift_Off_feat__Beyonce</title>
	<title seq="2">manage</title>
	<title seq="3">manage</title>
	<title seq="4">manage</title>
	<soon>manage</soon>
</extension>
</metadata>

2011-09-21 23:56:52	I	msg:[SRC 127.0.0.1:47010 sid=1] Got complete metadata message type=3902 [277 bytes] id=1 span=1 content=
<?xml version="1.0" encoding="UTF-8" ?>
<metadata>
<TIT2>09_Who_Gon_Stop_Me</TIT2>
<extension>
	<title seq="1">09_Who_Gon_Stop_Me</title>
	<title seq="2">manage</title>
	<title seq="3">manage</title>
	<title seq="4">manage</title>
	<soon>manage</soon>
</extension>
</metadata>

2011-09-22 00:01:09	I	msg:[SRC 127.0.0.1:47010 sid=1] Got complete metadata message type=3902 [277 bytes] id=1 span=1 content=
<?xml version="1.0" encoding="UTF-8" ?>
<metadata>
<TIT2>09_Who_Gon_Stop_Me</TIT2>
<extension>
	<title seq="1">09_Who_Gon_Stop_Me</title>
	<title seq="2">manage</title>
	<title seq="3">manage</title>
	<title seq="4">manage</title>
	<soon>manage</soon>
</extension>
</metadata>

2011-09-22 00:05:25	I	msg:[SRC 127.0.0.1:47010 sid=1] Got complete metadata message type=3902 [277 bytes] id=1 span=1 content=
<?xml version="1.0" encoding="UTF-8" ?>
<metadata>
<TIT2>09_Who_Gon_Stop_Me</TIT2>
<extension>
	<title seq="1">09_Who_Gon_Stop_Me</title>
	<title seq="2">manage</title>
	<title seq="3">manage</title>
	<title seq="4">manage</title>
	<soon>manage</soon>
</extension>
</metadata>

2011-09-22 00:09:42	I	msg:[SRC 127.0.0.1:47010 sid=1] Got complete metadata message type=3902 [253 bytes] id=1 span=1 content=
<?xml version="1.0" encoding="UTF-8" ?>
<metadata>
<TIT2>14_HAM</TIT2>
<extension>
	<title seq="1">14_HAM</title>
	<title seq="2">manage</title>
	<title seq="3">manage</title>
	<title seq="4">manage</title>
	<soon>manage</soon>
</extension>
</metadata>

2011-09-22 00:14:18	I	msg:[SRC 127.0.0.1:47010 sid=1] Got complete metadata message type=3902 [277 bytes] id=1 span=1 content=
<?xml version="1.0" encoding="UTF-8" ?>
<metadata>
<TIT2>09_Who_Gon_Stop_Me</TIT2>
<extension>
	<title seq="1">09_Who_Gon_Stop_Me</title>
	<title seq="2">manage</title>
	<title seq="3">manage</title>
	<title seq="4">manage</title>
	<soon>manage</soon>
</extension>
</metadata>

2011-09-22 00:18:35	I	msg:[SRC 127.0.0.1:47010 sid=1] Got complete metadata message type=3902 [291 bytes] id=1 span=1 content=
<?xml version="1.0" encoding="UTF-8" ?>
<metadata>
<TIT2>02_Lift_Off_feat__Beyonce</TIT2>
<extension>
	<title seq="1">02_Lift_Off_feat__Beyonce</title>
	<title seq="2">manage</title>
	<title seq="3">manage</title>
	<title seq="4">manage</title>
	<soon>manage</soon>
</extension>
</metadata>

2011-09-22 00:23:01	I	msg:[SRC 127.0.0.1:47010 sid=1] Got complete metadata message type=3902 [277 bytes] id=1 span=1 content=
<?xml version="1.0" encoding="UTF-8" ?>
<metadata>
<TIT2>09_Who_Gon_Stop_Me</TIT2>
<extension>
	<title seq="1">09_Who_Gon_Stop_Me</title>
	<title seq="2">manage</title>
	<title seq="3">manage</title>
	<title seq="4">manage</title>
	<soon>manage</soon>
</extension>
</metadata>

2011-09-22 00:27:18	I	msg:[SRC 127.0.0.1:47010 sid=1] Got complete metadata message type=3902 [253 bytes] id=1 span=1 content=
<?xml version="1.0" encoding="UTF-8" ?>
<metadata>
<TIT2>14_HAM</TIT2>
<extension>
	<title seq="1">14_HAM</title>
	<title seq="2">manage</title>
	<title seq="3">manage</title>
	<title seq="4">manage</title>
	<soon>manage</soon>
</extension>
</metadata>

2011-09-22 00:31:54	I	msg:[SRC 127.0.0.1:47010 sid=1] Got complete metadata message type=3902 [277 bytes] id=1 span=1 content=
<?xml version="1.0" encoding="UTF-8" ?>
<metadata>
<TIT2>09_Who_Gon_Stop_Me</TIT2>
<extension>
	<title seq="1">09_Who_Gon_Stop_Me</title>
	<title seq="2">manage</title>
	<title seq="3">manage</title>
	<title seq="4">manage</title>
	<soon>manage</soon>
</extension>
</metadata>

2011-09-22 00:36:10	I	msg:[SRC 127.0.0.1:47010 sid=1] Got complete metadata message type=3902 [253 bytes] id=1 span=1 content=
<?xml version="1.0" encoding="UTF-8" ?>
<metadata>
<TIT2>14_HAM</TIT2>
<extension>
	<title seq="1">14_HAM</title>
	<title seq="2">manage</title>
	<title seq="3">manage</title>
	<title seq="4">manage</title>
	<soon>manage</soon>
</extension>
</metadata>

2011-09-22 00:40:46	I	msg:[SRC 127.0.0.1:47010 sid=1] Got complete metadata message type=3902 [277 bytes] id=1 span=1 content=
<?xml version="1.0" encoding="UTF-8" ?>
<metadata>
<TIT2>09_Who_Gon_Stop_Me</TIT2>
<extension>
	<title seq="1">09_Who_Gon_Stop_Me</title>
	<title seq="2">manage</title>
	<title seq="3">manage</title>
	<title seq="4">manage</title>
	<soon>manage</soon>
</extension>
</metadata>

2011-09-22 00:45:03	I	msg:[SRC 127.0.0.1:47010 sid=1] Got complete metadata message type=3902 [277 bytes] id=1 span=1 content=
<?xml version="1.0" encoding="UTF-8" ?>
<metadata>
<TIT2>09_Who_Gon_Stop_Me</TIT2>
<extension>
	<title seq="1">09_Who_Gon_Stop_Me</title>
	<title seq="2">manage</title>
	<title seq="3">manage</title>
	<title seq="4">manage</title>
	<soon>manage</soon>
</extension>
</metadata>

2011-09-22 00:49:20	I	msg:[SRC 127.0.0.1:47010 sid=1] Got complete metadata message type=3902 [291 bytes] id=1 span=1 content=
<?xml version="1.0" encoding="UTF-8" ?>
<metadata>
<TIT2>02_Lift_Off_feat__Beyonce</TIT2>
<extension>
	<title seq="1">02_Lift_Off_feat__Beyonce</title>
	<title seq="2">manage</title>
	<title seq="3">manage</title>
	<title seq="4">manage</title>
	<soon>manage</soon>
</extension>
</metadata>

2011-09-22 00:53:46	I	msg:[SRC 127.0.0.1:47010 sid=1] Got complete metadata message type=3902 [277 bytes] id=1 span=1 content=
<?xml version="1.0" encoding="UTF-8" ?>
<metadata>
<TIT2>09_Who_Gon_Stop_Me</TIT2>
<extension>
	<title seq="1">09_Who_Gon_Stop_Me</title>
	<title seq="2">manage</title>
	<title seq="3">manage</title>
	<title seq="4">manage</title>
	<soon>manage</soon>
</extension>
</metadata>

2011-09-22 00:58:03	I	msg:[SRC 127.0.0.1:47010 sid=1] Got complete metadata message type=3902 [253 bytes] id=1 span=1 content=
<?xml version="1.0" encoding="UTF-8" ?>
<metadata>
<TIT2>14_HAM</TIT2>
<extension>
	<title seq="1">14_HAM</title>
	<title seq="2">manage</title>
	<title seq="3">manage</title>
	<title seq="4">manage</title>
	<soon>manage</soon>
</extension>
</metadata>

2011-09-22 01:02:39	I	msg:[SRC 127.0.0.1:47010 sid=1] Got complete metadata message type=3902 [253 bytes] id=1 span=1 content=
<?xml version="1.0" encoding="UTF-8" ?>
<metadata>
<TIT2>14_HAM</TIT2>
<extension>
	<title seq="1">14_HAM</title>
	<title seq="2">manage</title>
	<title seq="3">manage</title>
	<title seq="4">manage</title>
	<soon>manage</soon>
</extension>
</metadata>

2011-09-22 01:07:15	I	msg:[SRC 127.0.0.1:47010 sid=1] Got complete metadata message type=3902 [277 bytes] id=1 span=1 content=
<?xml version="1.0" encoding="UTF-8" ?>
<metadata>
<TIT2>09_Who_Gon_Stop_Me</TIT2>
<extension>
	<title seq="1">09_Who_Gon_Stop_Me</title>
	<title seq="2">manage</title>
	<title seq="3">manage</title>
	<title seq="4">manage</title>
	<soon>manage</soon>
</extension>
</metadata>

2011-09-22 01:11:31	I	msg:[SRC 127.0.0.1:47010 sid=1] Got complete metadata message type=3902 [291 bytes] id=1 span=1 content=
<?xml version="1.0" encoding="UTF-8" ?>
<metadata>
<TIT2>02_Lift_Off_feat__Beyonce</TIT2>
<extension>
	<title seq="1">02_Lift_Off_feat__Beyonce</title>
	<title seq="2">manage</title>
	<title seq="3">manage</title>
	<title seq="4">manage</title>
	<soon>manage</soon>
</extension>
</metadata>

2011-09-22 01:15:57	I	msg:[SRC 127.0.0.1:47010 sid=1] Got complete metadata message type=3902 [291 bytes] id=1 span=1 content=
<?xml version="1.0" encoding="UTF-8" ?>
<metadata>
<TIT2>02_Lift_Off_feat__Beyonce</TIT2>
<extension>
	<title seq="1">02_Lift_Off_feat__Beyonce</title>
	<title seq="2">manage</title>
	<title seq="3">manage</title>
	<title seq="4">manage</title>
	<soon>manage</soon>
</extension>
</metadata>

2011-09-22 01:20:24	I	msg:[SRC 127.0.0.1:47010 sid=1] Got complete metadata message type=3902 [291 bytes] id=1 span=1 content=
<?xml version="1.0" encoding="UTF-8" ?>
<metadata>
<TIT2>02_Lift_Off_feat__Beyonce</TIT2>
<extension>
	<title seq="1">02_Lift_Off_feat__Beyonce</title>
	<title seq="2">manage</title>
	<title seq="3">manage</title>
	<title seq="4">manage</title>
	<soon>manage</soon>
</extension>
</metadata>

2011-09-22 01:24:50	I	msg:[SRC 127.0.0.1:47010 sid=1] Got complete metadata message type=3902 [291 bytes] id=1 span=1 content=
<?xml version="1.0" encoding="UTF-8" ?>
<metadata>
<TIT2>02_Lift_Off_feat__Beyonce</TIT2>
<extension>
	<title seq="1">02_Lift_Off_feat__Beyonce</title>
	<title seq="2">manage</title>
	<title seq="3">manage</title>
	<title seq="4">manage</title>
	<soon>manage</soon>
</extension>
</metadata>

2011-09-22 01:29:17	I	msg:[SRC 127.0.0.1:47010 sid=1] Got complete metadata message type=3902 [277 bytes] id=1 span=1 content=
<?xml version="1.0" encoding="UTF-8" ?>
<metadata>
<TIT2>09_Who_Gon_Stop_Me</TIT2>
<extension>
	<title seq="1">09_Who_Gon_Stop_Me</title>
	<title seq="2">manage</title>
	<title seq="3">manage</title>
	<title seq="4">manage</title>
	<soon>manage</soon>
</extension>
</metadata>

2011-09-22 01:33:33	I	msg:[SRC 127.0.0.1:47010 sid=1] Got complete metadata message type=3902 [253 bytes] id=1 span=1 content=
<?xml version="1.0" encoding="UTF-8" ?>
<metadata>
<TIT2>14_HAM</TIT2>
<extension>
	<title seq="1">14_HAM</title>
	<title seq="2">manage</title>
	<title seq="3">manage</title>
	<title seq="4">manage</title>
	<soon>manage</soon>
</extension>
</metadata>

2011-09-22 01:38:09	I	msg:[SRC 127.0.0.1:47010 sid=1] Got complete metadata message type=3902 [253 bytes] id=1 span=1 content=
<?xml version="1.0" encoding="UTF-8" ?>
<metadata>
<TIT2>14_HAM</TIT2>
<extension>
	<title seq="1">14_HAM</title>
	<title seq="2">manage</title>
	<title seq="3">manage</title>
	<title seq="4">manage</title>
	<soon>manage</soon>
</extension>
</metadata>

2011-09-22 01:42:45	I	msg:[SRC 127.0.0.1:47010 sid=1] Got complete metadata message type=3902 [253 bytes] id=1 span=1 content=
<?xml version="1.0" encoding="UTF-8" ?>
<metadata>
<TIT2>14_HAM</TIT2>
<extension>
	<title seq="1">14_HAM</title>
	<title seq="2">manage</title>
	<title seq="3">manage</title>
	<title seq="4">manage</title>
	<soon>manage</soon>
</extension>
</metadata>

2011-09-22 01:47:21	I	msg:[SRC 127.0.0.1:47010 sid=1] Got complete metadata message type=3902 [291 bytes] id=1 span=1 content=
<?xml version="1.0" encoding="UTF-8" ?>
<metadata>
<TIT2>02_Lift_Off_feat__Beyonce</TIT2>
<extension>
	<title seq="1">02_Lift_Off_feat__Beyonce</title>
	<title seq="2">manage</title>
	<title seq="3">manage</title>
	<title seq="4">manage</title>
	<soon>manage</soon>
</extension>
</metadata>

2011-09-22 01:51:47	I	msg:[SRC 127.0.0.1:47010 sid=1] Got complete metadata message type=3902 [253 bytes] id=1 span=1 content=
<?xml version="1.0" encoding="UTF-8" ?>
<metadata>
<TIT2>14_HAM</TIT2>
<extension>
	<title seq="1">14_HAM</title>
	<title seq="2">manage</title>
	<title seq="3">manage</title>
	<title seq="4">manage</title>
	<soon>manage</soon>
</extension>
</metadata>

2011-09-22 01:56:23	I	msg:[SRC 127.0.0.1:47010 sid=1] Got complete metadata message type=3902 [253 bytes] id=1 span=1 content=
<?xml version="1.0" encoding="UTF-8" ?>
<metadata>
<TIT2>14_HAM</TIT2>
<extension>
	<title seq="1">14_HAM</title>
	<title seq="2">manage</title>
	<title seq="3">manage</title>
	<title seq="4">manage</title>
	<soon>manage</soon>
</extension>
</metadata>

2011-09-22 02:00:59	I	msg:[SRC 127.0.0.1:47010 sid=1] Got complete metadata message type=3902 [277 bytes] id=1 span=1 content=
<?xml version="1.0" encoding="UTF-8" ?>
<metadata>
<TIT2>09_Who_Gon_Stop_Me</TIT2>
<extension>
	<title seq="1">09_Who_Gon_Stop_Me</title>
	<title seq="2">manage</title>
	<title seq="3">manage</title>
	<title seq="4">manage</title>
	<soon>manage</soon>
</extension>
</metadata>

2011-09-22 02:05:15	I	msg:[SRC 127.0.0.1:47010 sid=1] Got complete metadata message type=3902 [253 bytes] id=1 span=1 content=
<?xml version="1.0" encoding="UTF-8" ?>
<metadata>
<TIT2>14_HAM</TIT2>
<extension>
	<title seq="1">14_HAM</title>
	<title seq="2">manage</title>
	<title seq="3">manage</title>
	<title seq="4">manage</title>
	<soon>manage</soon>
</extension>
</metadata>

2011-09-22 02:09:51	I	msg:[SRC 127.0.0.1:47010 sid=1] Got complete metadata message type=3902 [253 bytes] id=1 span=1 content=
<?xml version="1.0" encoding="UTF-8" ?>
<metadata>
<TIT2>14_HAM</TIT2>
<extension>
	<title seq="1">14_HAM</title>
	<title seq="2">manage</title>
	<title seq="3">manage</title>
	<title seq="4">manage</title>
	<soon>manage</soon>
</extension>
</metadata>

2011-09-22 02:14:27	I	msg:[SRC 127.0.0.1:47010 sid=1] Got complete metadata message type=3902 [277 bytes] id=1 span=1 content=
<?xml version="1.0" encoding="UTF-8" ?>
<metadata>
<TIT2>09_Who_Gon_Stop_Me</TIT2>
<extension>
	<title seq="1">09_Who_Gon_Stop_Me</title>
	<title seq="2">manage</title>
	<title seq="3">manage</title>
	<title seq="4">manage</title>
	<soon>manage</soon>
</extension>
</metadata>

2011-09-22 02:18:44	I	msg:[SRC 127.0.0.1:47010 sid=1] Got complete metadata message type=3902 [291 bytes] id=1 span=1 content=
<?xml version="1.0" encoding="UTF-8" ?>
<metadata>
<TIT2>02_Lift_Off_feat__Beyonce</TIT2>
<extension>
	<title seq="1">02_Lift_Off_feat__Beyonce</title>
	<title seq="2">manage</title>
	<title seq="3">manage</title>
	<title seq="4">manage</title>
	<soon>manage</soon>
</extension>
</metadata>

2011-09-22 02:23:10	I	msg:[SRC 127.0.0.1:47010 sid=1] Got complete metadata message type=3902 [277 bytes] id=1 span=1 content=
<?xml version="1.0" encoding="UTF-8" ?>
<metadata>
<TIT2>09_Who_Gon_Stop_Me</TIT2>
<extension>
	<title seq="1">09_Who_Gon_Stop_Me</title>
	<title seq="2">manage</title>
	<title seq="3">manage</title>
	<title seq="4">manage</title>
	<soon>manage</soon>
</extension>
</metadata>

2011-09-22 02:27:27	I	msg:[SRC 127.0.0.1:47010 sid=1] Got complete metadata message type=3902 [253 bytes] id=1 span=1 content=
<?xml version="1.0" encoding="UTF-8" ?>
<metadata>
<TIT2>14_HAM</TIT2>
<extension>
	<title seq="1">14_HAM</title>
	<title seq="2">manage</title>
	<title seq="3">manage</title>
	<title seq="4">manage</title>
	<soon>manage</soon>
</extension>
</metadata>

2011-09-22 02:32:03	I	msg:[SRC 127.0.0.1:47010 sid=1] Got complete metadata message type=3902 [291 bytes] id=1 span=1 content=
<?xml version="1.0" encoding="UTF-8" ?>
<metadata>
<TIT2>02_Lift_Off_feat__Beyonce</TIT2>
<extension>
	<title seq="1">02_Lift_Off_feat__Beyonce</title>
	<title seq="2">manage</title>
	<title seq="3">manage</title>
	<title seq="4">manage</title>
	<soon>manage</soon>
</extension>
</metadata>

2011-09-22 02:36:29	I	msg:[SRC 127.0.0.1:47010 sid=1] Got complete metadata message type=3902 [291 bytes] id=1 span=1 content=
<?xml version="1.0" encoding="UTF-8" ?>
<metadata>
<TIT2>02_Lift_Off_feat__Beyonce</TIT2>
<extension>
	<title seq="1">02_Lift_Off_feat__Beyonce</title>
	<title seq="2">manage</title>
	<title seq="3">manage</title>
	<title seq="4">manage</title>
	<soon>manage</soon>
</extension>
</metadata>

2011-09-22 02:40:55	I	msg:[SRC 127.0.0.1:47010 sid=1] Got complete metadata message type=3902 [277 bytes] id=1 span=1 content=
<?xml version="1.0" encoding="UTF-8" ?>
<metadata>
<TIT2>09_Who_Gon_Stop_Me</TIT2>
<extension>
	<title seq="1">09_Who_Gon_Stop_Me</title>
	<title seq="2">manage</title>
	<title seq="3">manage</title>
	<title seq="4">manage</title>
	<soon>manage</soon>
</extension>
</metadata>

2011-09-22 02:45:12	I	msg:[SRC 127.0.0.1:47010 sid=1] Got complete metadata message type=3902 [291 bytes] id=1 span=1 content=
<?xml version="1.0" encoding="UTF-8" ?>
<metadata>
<TIT2>02_Lift_Off_feat__Beyonce</TIT2>
<extension>
	<title seq="1">02_Lift_Off_feat__Beyonce</title>
	<title seq="2">manage</title>
	<title seq="3">manage</title>
	<title seq="4">manage</title>
	<soon>manage</soon>
</extension>
</metadata>

2011-09-22 02:49:38	I	msg:[SRC 127.0.0.1:47010 sid=1] Got complete metadata message type=3902 [253 bytes] id=1 span=1 content=
<?xml version="1.0" encoding="UTF-8" ?>
<metadata>
<TIT2>14_HAM</TIT2>
<extension>
	<title seq="1">14_HAM</title>
	<title seq="2">manage</title>
	<title seq="3">manage</title>
	<title seq="4">manage</title>
	<soon>manage</soon>
</extension>
</metadata>

2011-09-22 02:54:14	I	msg:[SRC 127.0.0.1:47010 sid=1] Got complete metadata message type=3902 [253 bytes] id=1 span=1 content=
<?xml version="1.0" encoding="UTF-8" ?>
<metadata>
<TIT2>14_HAM</TIT2>
<extension>
	<title seq="1">14_HAM</title>
	<title seq="2">manage</title>
	<title seq="3">manage</title>
	<title seq="4">manage</title>
	<soon>manage</soon>
</extension>
</metadata>

2011-09-22 02:58:50	I	msg:[SRC 127.0.0.1:47010 sid=1] Got complete metadata message type=3902 [291 bytes] id=1 span=1 content=
<?xml version="1.0" encoding="UTF-8" ?>
<metadata>
<TIT2>02_Lift_Off_feat__Beyonce</TIT2>
<extension>
	<title seq="1">02_Lift_Off_feat__Beyonce</title>
	<title seq="2">manage</title>
	<title seq="3">manage</title>
	<title seq="4">manage</title>
	<soon>manage</soon>
</extension>
</metadata>

2011-09-22 03:03:16	I	msg:[SRC 127.0.0.1:47010 sid=1] Got complete metadata message type=3902 [277 bytes] id=1 span=1 content=
<?xml version="1.0" encoding="UTF-8" ?>
<metadata>
<TIT2>09_Who_Gon_Stop_Me</TIT2>
<extension>
	<title seq="1">09_Who_Gon_Stop_Me</title>
	<title seq="2">manage</title>
	<title seq="3">manage</title>
	<title seq="4">manage</title>
	<soon>manage</soon>
</extension>
</metadata>

2011-09-22 03:07:33	I	msg:[SRC 127.0.0.1:47010 sid=1] Got complete metadata message type=3902 [277 bytes] id=1 span=1 content=
<?xml version="1.0" encoding="UTF-8" ?>
<metadata>
<TIT2>09_Who_Gon_Stop_Me</TIT2>
<extension>
	<title seq="1">09_Who_Gon_Stop_Me</title>
	<title seq="2">manage</title>
	<title seq="3">manage</title>
	<title seq="4">manage</title>
	<soon>manage</soon>
</extension>
</metadata>

2011-09-22 03:11:50	I	msg:[SRC 127.0.0.1:47010 sid=1] Got complete metadata message type=3902 [291 bytes] id=1 span=1 content=
<?xml version="1.0" encoding="UTF-8" ?>
<metadata>
<TIT2>02_Lift_Off_feat__Beyonce</TIT2>
<extension>
	<title seq="1">02_Lift_Off_feat__Beyonce</title>
	<title seq="2">manage</title>
	<title seq="3">manage</title>
	<title seq="4">manage</title>
	<soon>manage</soon>
</extension>
</metadata>

2011-09-22 03:16:16	I	msg:[SRC 127.0.0.1:47010 sid=1] Got complete metadata message type=3902 [291 bytes] id=1 span=1 content=
<?xml version="1.0" encoding="UTF-8" ?>
<metadata>
<TIT2>02_Lift_Off_feat__Beyonce</TIT2>
<extension>
	<title seq="1">02_Lift_Off_feat__Beyonce</title>
	<title seq="2">manage</title>
	<title seq="3">manage</title>
	<title seq="4">manage</title>
	<soon>manage</soon>
</extension>
</metadata>

2011-09-22 03:20:42	I	msg:[SRC 127.0.0.1:47010 sid=1] Got complete metadata message type=3902 [253 bytes] id=1 span=1 content=
<?xml version="1.0" encoding="UTF-8" ?>
<metadata>
<TIT2>14_HAM</TIT2>
<extension>
	<title seq="1">14_HAM</title>
	<title seq="2">manage</title>
	<title seq="3">manage</title>
	<title seq="4">manage</title>
	<soon>manage</soon>
</extension>
</metadata>

2011-09-22 03:25:18	I	msg:[SRC 127.0.0.1:47010 sid=1] Got complete metadata message type=3902 [291 bytes] id=1 span=1 content=
<?xml version="1.0" encoding="UTF-8" ?>
<metadata>
<TIT2>02_Lift_Off_feat__Beyonce</TIT2>
<extension>
	<title seq="1">02_Lift_Off_feat__Beyonce</title>
	<title seq="2">manage</title>
	<title seq="3">manage</title>
	<title seq="4">manage</title>
	<soon>manage</soon>
</extension>
</metadata>

2011-09-22 03:29:45	I	msg:[SRC 127.0.0.1:47010 sid=1] Got complete metadata message type=3902 [291 bytes] id=1 span=1 content=
<?xml version="1.0" encoding="UTF-8" ?>
<metadata>
<TIT2>02_Lift_Off_feat__Beyonce</TIT2>
<extension>
	<title seq="1">02_Lift_Off_feat__Beyonce</title>
	<title seq="2">manage</title>
	<title seq="3">manage</title>
	<title seq="4">manage</title>
	<soon>manage</soon>
</extension>
</metadata>

2011-09-22 03:34:11	I	msg:[SRC 127.0.0.1:47010 sid=1] Got complete metadata message type=3902 [277 bytes] id=1 span=1 content=
<?xml version="1.0" encoding="UTF-8" ?>
<metadata>
<TIT2>09_Who_Gon_Stop_Me</TIT2>
<extension>
	<title seq="1">09_Who_Gon_Stop_Me</title>
	<title seq="2">manage</title>
	<title seq="3">manage</title>
	<title seq="4">manage</title>
	<soon>manage</soon>
</extension>
</metadata>

2011-09-22 03:38:28	I	msg:[SRC 127.0.0.1:47010 sid=1] Got complete metadata message type=3902 [253 bytes] id=1 span=1 content=
<?xml version="1.0" encoding="UTF-8" ?>
<metadata>
<TIT2>14_HAM</TIT2>
<extension>
	<title seq="1">14_HAM</title>
	<title seq="2">manage</title>
	<title seq="3">manage</title>
	<title seq="4">manage</title>
	<soon>manage</soon>
</extension>
</metadata>

2011-09-22 03:43:04	I	msg:[SRC 127.0.0.1:47010 sid=1] Got complete metadata message type=3902 [253 bytes] id=1 span=1 content=
<?xml version="1.0" encoding="UTF-8" ?>
<metadata>
<TIT2>14_HAM</TIT2>
<extension>
	<title seq="1">14_HAM</title>
	<title seq="2">manage</title>
	<title seq="3">manage</title>
	<title seq="4">manage</title>
	<soon>manage</soon>
</extension>
</metadata>

2011-09-22 03:47:39	I	msg:[SRC 127.0.0.1:47010 sid=1] Got complete metadata message type=3902 [291 bytes] id=1 span=1 content=
<?xml version="1.0" encoding="UTF-8" ?>
<metadata>
<TIT2>02_Lift_Off_feat__Beyonce</TIT2>
<extension>
	<title seq="1">02_Lift_Off_feat__Beyonce</title>
	<title seq="2">manage</title>
	<title seq="3">manage</title>
	<title seq="4">manage</title>
	<soon>manage</soon>
</extension>
</metadata>

2011-09-22 03:52:06	I	msg:[SRC 127.0.0.1:47010 sid=1] Got complete metadata message type=3902 [291 bytes] id=1 span=1 content=
<?xml version="1.0" encoding="UTF-8" ?>
<metadata>
<TIT2>02_Lift_Off_feat__Beyonce</TIT2>
<extension>
	<title seq="1">02_Lift_Off_feat__Beyonce</title>
	<title seq="2">manage</title>
	<title seq="3">manage</title>
	<title seq="4">manage</title>
	<soon>manage</soon>
</extension>
</metadata>

2011-09-22 03:56:32	I	msg:[SRC 127.0.0.1:47010 sid=1] Got complete metadata message type=3902 [277 bytes] id=1 span=1 content=
<?xml version="1.0" encoding="UTF-8" ?>
<metadata>
<TIT2>09_Who_Gon_Stop_Me</TIT2>
<extension>
	<title seq="1">09_Who_Gon_Stop_Me</title>
	<title seq="2">manage</title>
	<title seq="3">manage</title>
	<title seq="4">manage</title>
	<soon>manage</soon>
</extension>
</metadata>

2011-09-22 04:00:49	I	msg:[SRC 127.0.0.1:47010 sid=1] Got complete metadata message type=3902 [277 bytes] id=1 span=1 content=
<?xml version="1.0" encoding="UTF-8" ?>
<metadata>
<TIT2>09_Who_Gon_Stop_Me</TIT2>
<extension>
	<title seq="1">09_Who_Gon_Stop_Me</title>
	<title seq="2">manage</title>
	<title seq="3">manage</title>
	<title seq="4">manage</title>
	<soon>manage</soon>
</extension>
</metadata>

2011-09-22 04:05:06	I	msg:[SRC 127.0.0.1:47010 sid=1] Got complete metadata message type=3902 [291 bytes] id=1 span=1 content=
<?xml version="1.0" encoding="UTF-8" ?>
<metadata>
<TIT2>02_Lift_Off_feat__Beyonce</TIT2>
<extension>
	<title seq="1">02_Lift_Off_feat__Beyonce</title>
	<title seq="2">manage</title>
	<title seq="3">manage</title>
	<title seq="4">manage</title>
	<soon>manage</soon>
</extension>
</metadata>

2011-09-22 04:09:32	I	msg:[SRC 127.0.0.1:47010 sid=1] Got complete metadata message type=3902 [253 bytes] id=1 span=1 content=
<?xml version="1.0" encoding="UTF-8" ?>
<metadata>
<TIT2>14_HAM</TIT2>
<extension>
	<title seq="1">14_HAM</title>
	<title seq="2">manage</title>
	<title seq="3">manage</title>
	<title seq="4">manage</title>
	<soon>manage</soon>
</extension>
</metadata>

2011-09-22 04:14:08	I	msg:[SRC 127.0.0.1:47010 sid=1] Got complete metadata message type=3902 [253 bytes] id=1 span=1 content=
<?xml version="1.0" encoding="UTF-8" ?>
<metadata>
<TIT2>14_HAM</TIT2>
<extension>
	<title seq="1">14_HAM</title>
	<title seq="2">manage</title>
	<title seq="3">manage</title>
	<title seq="4">manage</title>
	<soon>manage</soon>
</extension>
</metadata>

2011-09-22 04:18:43	I	msg:[SRC 127.0.0.1:47010 sid=1] Got complete metadata message type=3902 [253 bytes] id=1 span=1 content=
<?xml version="1.0" encoding="UTF-8" ?>
<metadata>
<TIT2>14_HAM</TIT2>
<extension>
	<title seq="1">14_HAM</title>
	<title seq="2">manage</title>
	<title seq="3">manage</title>
	<title seq="4">manage</title>
	<soon>manage</soon>
</extension>
</metadata>

2011-09-22 04:23:19	I	msg:[SRC 127.0.0.1:47010 sid=1] Got complete metadata message type=3902 [253 bytes] id=1 span=1 content=
<?xml version="1.0" encoding="UTF-8" ?>
<metadata>
<TIT2>14_HAM</TIT2>
<extension>
	<title seq="1">14_HAM</title>
	<title seq="2">manage</title>
	<title seq="3">manage</title>
	<title seq="4">manage</title>
	<soon>manage</soon>
</extension>
</metadata>

2011-09-22 04:27:55	I	msg:[SRC 127.0.0.1:47010 sid=1] Got complete metadata message type=3902 [253 bytes] id=1 span=1 content=
<?xml version="1.0" encoding="UTF-8" ?>
<metadata>
<TIT2>14_HAM</TIT2>
<extension>
	<title seq="1">14_HAM</title>
	<title seq="2">manage</title>
	<title seq="3">manage</title>
	<title seq="4">manage</title>
	<soon>manage</soon>
</extension>
</metadata>

2011-09-22 04:32:31	I	msg:[SRC 127.0.0.1:47010 sid=1] Got complete metadata message type=3902 [253 bytes] id=1 span=1 content=
<?xml version="1.0" encoding="UTF-8" ?>
<metadata>
<TIT2>14_HAM</TIT2>
<extension>
	<title seq="1">14_HAM</title>
	<title seq="2">manage</title>
	<title seq="3">manage</title>
	<title seq="4">manage</title>
	<soon>manage</soon>
</extension>
</metadata>

2011-09-22 04:37:06	I	msg:[SRC 127.0.0.1:47010 sid=1] Got complete metadata message type=3902 [291 bytes] id=1 span=1 content=
<?xml version="1.0" encoding="UTF-8" ?>
<metadata>
<TIT2>02_Lift_Off_feat__Beyonce</TIT2>
<extension>
	<title seq="1">02_Lift_Off_feat__Beyonce</title>
	<title seq="2">manage</title>
	<title seq="3">manage</title>
	<title seq="4">manage</title>
	<soon>manage</soon>
</extension>
</metadata>

2011-09-22 04:41:33	I	msg:[SRC 127.0.0.1:47010 sid=1] Got complete metadata message type=3902 [277 bytes] id=1 span=1 content=
<?xml version="1.0" encoding="UTF-8" ?>
<metadata>
<TIT2>09_Who_Gon_Stop_Me</TIT2>
<extension>
	<title seq="1">09_Who_Gon_Stop_Me</title>
	<title seq="2">manage</title>
	<title seq="3">manage</title>
	<title seq="4">manage</title>
	<soon>manage</soon>
</extension>
</metadata>

2011-09-22 04:45:50	I	msg:[SRC 127.0.0.1:47010 sid=1] Got complete metadata message type=3902 [277 bytes] id=1 span=1 content=
<?xml version="1.0" encoding="UTF-8" ?>
<metadata>
<TIT2>09_Who_Gon_Stop_Me</TIT2>
<extension>
	<title seq="1">09_Who_Gon_Stop_Me</title>
	<title seq="2">manage</title>
	<title seq="3">manage</title>
	<title seq="4">manage</title>
	<soon>manage</soon>
</extension>
</metadata>

2011-09-22 04:50:06	I	msg:[SRC 127.0.0.1:47010 sid=1] Got complete metadata message type=3902 [291 bytes] id=1 span=1 content=
<?xml version="1.0" encoding="UTF-8" ?>
<metadata>
<TIT2>02_Lift_Off_feat__Beyonce</TIT2>
<extension>
	<title seq="1">02_Lift_Off_feat__Beyonce</title>
	<title seq="2">manage</title>
	<title seq="3">manage</title>
	<title seq="4">manage</title>
	<soon>manage</soon>
</extension>
</metadata>

2011-09-22 04:54:33	I	msg:[SRC 127.0.0.1:47010 sid=1] Got complete metadata message type=3902 [291 bytes] id=1 span=1 content=
<?xml version="1.0" encoding="UTF-8" ?>
<metadata>
<TIT2>02_Lift_Off_feat__Beyonce</TIT2>
<extension>
	<title seq="1">02_Lift_Off_feat__Beyonce</title>
	<title seq="2">manage</title>
	<title seq="3">manage</title>
	<title seq="4">manage</title>
	<soon>manage</soon>
</extension>
</metadata>

2011-09-22 04:58:59	I	msg:[SRC 127.0.0.1:47010 sid=1] Got complete metadata message type=3902 [253 bytes] id=1 span=1 content=
<?xml version="1.0" encoding="UTF-8" ?>
<metadata>
<TIT2>14_HAM</TIT2>
<extension>
	<title seq="1">14_HAM</title>
	<title seq="2">manage</title>
	<title seq="3">manage</title>
	<title seq="4">manage</title>
	<soon>manage</soon>
</extension>
</metadata>

2011-09-22 05:03:35	I	msg:[SRC 127.0.0.1:47010 sid=1] Got complete metadata message type=3902 [291 bytes] id=1 span=1 content=
<?xml version="1.0" encoding="UTF-8" ?>
<metadata>
<TIT2>02_Lift_Off_feat__Beyonce</TIT2>
<extension>
	<title seq="1">02_Lift_Off_feat__Beyonce</title>
	<title seq="2">manage</title>
	<title seq="3">manage</title>
	<title seq="4">manage</title>
	<soon>manage</soon>
</extension>
</metadata>

2011-09-22 05:08:01	I	msg:[SRC 127.0.0.1:47010 sid=1] Got complete metadata message type=3902 [277 bytes] id=1 span=1 content=
<?xml version="1.0" encoding="UTF-8" ?>
<metadata>
<TIT2>09_Who_Gon_Stop_Me</TIT2>
<extension>
	<title seq="1">09_Who_Gon_Stop_Me</title>
	<title seq="2">manage</title>
	<title seq="3">manage</title>
	<title seq="4">manage</title>
	<soon>manage</soon>
</extension>
</metadata>

2011-09-22 05:12:18	I	msg:[SRC 127.0.0.1:47010 sid=1] Got complete metadata message type=3902 [291 bytes] id=1 span=1 content=
<?xml version="1.0" encoding="UTF-8" ?>
<metadata>
<TIT2>02_Lift_Off_feat__Beyonce</TIT2>
<extension>
	<title seq="1">02_Lift_Off_feat__Beyonce</title>
	<title seq="2">manage</title>
	<title seq="3">manage</title>
	<title seq="4">manage</title>
	<soon>manage</soon>
</extension>
</metadata>

2011-09-22 05:16:44	I	msg:[SRC 127.0.0.1:47010 sid=1] Got complete metadata message type=3902 [277 bytes] id=1 span=1 content=
<?xml version="1.0" encoding="UTF-8" ?>
<metadata>
<TIT2>09_Who_Gon_Stop_Me</TIT2>
<extension>
	<title seq="1">09_Who_Gon_Stop_Me</title>
	<title seq="2">manage</title>
	<title seq="3">manage</title>
	<title seq="4">manage</title>
	<soon>manage</soon>
</extension>
</metadata>

2011-09-22 05:21:01	I	msg:[SRC 127.0.0.1:47010 sid=1] Got complete metadata message type=3902 [277 bytes] id=1 span=1 content=
<?xml version="1.0" encoding="UTF-8" ?>
<metadata>
<TIT2>09_Who_Gon_Stop_Me</TIT2>
<extension>
	<title seq="1">09_Who_Gon_Stop_Me</title>
	<title seq="2">manage</title>
	<title seq="3">manage</title>
	<title seq="4">manage</title>
	<soon>manage</soon>
</extension>
</metadata>

2011-09-22 05:25:18	I	msg:[SRC 127.0.0.1:47010 sid=1] Got complete metadata message type=3902 [253 bytes] id=1 span=1 content=
<?xml version="1.0" encoding="UTF-8" ?>
<metadata>
<TIT2>14_HAM</TIT2>
<extension>
	<title seq="1">14_HAM</title>
	<title seq="2">manage</title>
	<title seq="3">manage</title>
	<title seq="4">manage</title>
	<soon>manage</soon>
</extension>
</metadata>

2011-09-22 05:29:54	I	msg:[SRC 127.0.0.1:47010 sid=1] Got complete metadata message type=3902 [291 bytes] id=1 span=1 content=
<?xml version="1.0" encoding="UTF-8" ?>
<metadata>
<TIT2>02_Lift_Off_feat__Beyonce</TIT2>
<extension>
	<title seq="1">02_Lift_Off_feat__Beyonce</title>
	<title seq="2">manage</title>
	<title seq="3">manage</title>
	<title seq="4">manage</title>
	<soon>manage</soon>
</extension>
</metadata>

2011-09-22 05:34:20	I	msg:[SRC 127.0.0.1:47010 sid=1] Got complete metadata message type=3902 [277 bytes] id=1 span=1 content=
<?xml version="1.0" encoding="UTF-8" ?>
<metadata>
<TIT2>09_Who_Gon_Stop_Me</TIT2>
<extension>
	<title seq="1">09_Who_Gon_Stop_Me</title>
	<title seq="2">manage</title>
	<title seq="3">manage</title>
	<title seq="4">manage</title>
	<soon>manage</soon>
</extension>
</metadata>

2011-09-22 05:38:37	I	msg:[SRC 127.0.0.1:47010 sid=1] Got complete metadata message type=3902 [277 bytes] id=1 span=1 content=
<?xml version="1.0" encoding="UTF-8" ?>
<metadata>
<TIT2>09_Who_Gon_Stop_Me</TIT2>
<extension>
	<title seq="1">09_Who_Gon_Stop_Me</title>
	<title seq="2">manage</title>
	<title seq="3">manage</title>
	<title seq="4">manage</title>
	<soon>manage</soon>
</extension>
</metadata>

2011-09-22 05:42:54	I	msg:[SRC 127.0.0.1:47010 sid=1] Got complete metadata message type=3902 [291 bytes] id=1 span=1 content=
<?xml version="1.0" encoding="UTF-8" ?>
<metadata>
<TIT2>02_Lift_Off_feat__Beyonce</TIT2>
<extension>
	<title seq="1">02_Lift_Off_feat__Beyonce</title>
	<title seq="2">manage</title>
	<title seq="3">manage</title>
	<title seq="4">manage</title>
	<soon>manage</soon>
</extension>
</metadata>

2011-09-22 05:47:20	I	msg:[SRC 127.0.0.1:47010 sid=1] Got complete metadata message type=3902 [291 bytes] id=1 span=1 content=
<?xml version="1.0" encoding="UTF-8" ?>
<metadata>
<TIT2>02_Lift_Off_feat__Beyonce</TIT2>
<extension>
	<title seq="1">02_Lift_Off_feat__Beyonce</title>
	<title seq="2">manage</title>
	<title seq="3">manage</title>
	<title seq="4">manage</title>
	<soon>manage</soon>
</extension>
</metadata>

2011-09-22 05:51:46	I	msg:[SRC 127.0.0.1:47010 sid=1] Got complete metadata message type=3902 [277 bytes] id=1 span=1 content=
<?xml version="1.0" encoding="UTF-8" ?>
<metadata>
<TIT2>09_Who_Gon_Stop_Me</TIT2>
<extension>
	<title seq="1">09_Who_Gon_Stop_Me</title>
	<title seq="2">manage</title>
	<title seq="3">manage</title>
	<title seq="4">manage</title>
	<soon>manage</soon>
</extension>
</metadata>

2011-09-22 05:56:03	I	msg:[SRC 127.0.0.1:47010 sid=1] Got complete metadata message type=3902 [291 bytes] id=1 span=1 content=
<?xml version="1.0" encoding="UTF-8" ?>
<metadata>
<TIT2>02_Lift_Off_feat__Beyonce</TIT2>
<extension>
	<title seq="1">02_Lift_Off_feat__Beyonce</title>
	<title seq="2">manage</title>
	<title seq="3">manage</title>
	<title seq="4">manage</title>
	<soon>manage</soon>
</extension>
</metadata>

2011-09-22 06:00:29	I	msg:[SRC 127.0.0.1:47010 sid=1] Got complete metadata message type=3902 [253 bytes] id=1 span=1 content=
<?xml version="1.0" encoding="UTF-8" ?>
<metadata>
<TIT2>14_HAM</TIT2>
<extension>
	<title seq="1">14_HAM</title>
	<title seq="2">manage</title>
	<title seq="3">manage</title>
	<title seq="4">manage</title>
	<soon>manage</soon>
</extension>
</metadata>

2011-09-22 06:05:05	I	msg:[SRC 127.0.0.1:47010 sid=1] Got complete metadata message type=3902 [277 bytes] id=1 span=1 content=
<?xml version="1.0" encoding="UTF-8" ?>
<metadata>
<TIT2>09_Who_Gon_Stop_Me</TIT2>
<extension>
	<title seq="1">09_Who_Gon_Stop_Me</title>
	<title seq="2">manage</title>
	<title seq="3">manage</title>
	<title seq="4">manage</title>
	<soon>manage</soon>
</extension>
</metadata>

2011-09-22 06:09:22	I	msg:[SRC 127.0.0.1:47010 sid=1] Got complete metadata message type=3902 [253 bytes] id=1 span=1 content=
<?xml version="1.0" encoding="UTF-8" ?>
<metadata>
<TIT2>14_HAM</TIT2>
<extension>
	<title seq="1">14_HAM</title>
	<title seq="2">manage</title>
	<title seq="3">manage</title>
	<title seq="4">manage</title>
	<soon>manage</soon>
</extension>
</metadata>

2011-09-22 06:13:58	I	msg:[SRC 127.0.0.1:47010 sid=1] Got complete metadata message type=3902 [253 bytes] id=1 span=1 content=
<?xml version="1.0" encoding="UTF-8" ?>
<metadata>
<TIT2>14_HAM</TIT2>
<extension>
	<title seq="1">14_HAM</title>
	<title seq="2">manage</title>
	<title seq="3">manage</title>
	<title seq="4">manage</title>
	<soon>manage</soon>
</extension>
</metadata>

2011-09-22 06:18:34	I	msg:[SRC 127.0.0.1:47010 sid=1] Got complete metadata message type=3902 [291 bytes] id=1 span=1 content=
<?xml version="1.0" encoding="UTF-8" ?>
<metadata>
<TIT2>02_Lift_Off_feat__Beyonce</TIT2>
<extension>
	<title seq="1">02_Lift_Off_feat__Beyonce</title>
	<title seq="2">manage</title>
	<title seq="3">manage</title>
	<title seq="4">manage</title>
	<soon>manage</soon>
</extension>
</metadata>

2011-09-22 06:23:00	I	msg:[SRC 127.0.0.1:47010 sid=1] Got complete metadata message type=3902 [277 bytes] id=1 span=1 content=
<?xml version="1.0" encoding="UTF-8" ?>
<metadata>
<TIT2>09_Who_Gon_Stop_Me</TIT2>
<extension>
	<title seq="1">09_Who_Gon_Stop_Me</title>
	<title seq="2">manage</title>
	<title seq="3">manage</title>
	<title seq="4">manage</title>
	<soon>manage</soon>
</extension>
</metadata>

2011-09-22 06:27:17	I	msg:[SRC 127.0.0.1:47010 sid=1] Got complete metadata message type=3902 [277 bytes] id=1 span=1 content=
<?xml version="1.0" encoding="UTF-8" ?>
<metadata>
<TIT2>09_Who_Gon_Stop_Me</TIT2>
<extension>
	<title seq="1">09_Who_Gon_Stop_Me</title>
	<title seq="2">manage</title>
	<title seq="3">manage</title>
	<title seq="4">manage</title>
	<soon>manage</soon>
</extension>
</metadata>

2011-09-22 06:31:33	I	msg:[SRC 127.0.0.1:47010 sid=1] Got complete metadata message type=3902 [277 bytes] id=1 span=1 content=
<?xml version="1.0" encoding="UTF-8" ?>
<metadata>
<TIT2>09_Who_Gon_Stop_Me</TIT2>
<extension>
	<title seq="1">09_Who_Gon_Stop_Me</title>
	<title seq="2">manage</title>
	<title seq="3">manage</title>
	<title seq="4">manage</title>
	<soon>manage</soon>
</extension>
</metadata>

2011-09-22 06:35:50	I	msg:[SRC 127.0.0.1:47010 sid=1] Got complete metadata message type=3902 [277 bytes] id=1 span=1 content=
<?xml version="1.0" encoding="UTF-8" ?>
<metadata>
<TIT2>09_Who_Gon_Stop_Me</TIT2>
<extension>
	<title seq="1">09_Who_Gon_Stop_Me</title>
	<title seq="2">manage</title>
	<title seq="3">manage</title>
	<title seq="4">manage</title>
	<soon>manage</soon>
</extension>
</metadata>

2011-09-22 06:40:07	I	msg:[SRC 127.0.0.1:47010 sid=1] Got complete metadata message type=3902 [277 bytes] id=1 span=1 content=
<?xml version="1.0" encoding="UTF-8" ?>
<metadata>
<TIT2>09_Who_Gon_Stop_Me</TIT2>
<extension>
	<title seq="1">09_Who_Gon_Stop_Me</title>
	<title seq="2">manage</title>
	<title seq="3">manage</title>
	<title seq="4">manage</title>
	<soon>manage</soon>
</extension>
</metadata>

2011-09-22 06:44:24	I	msg:[SRC 127.0.0.1:47010 sid=1] Got complete metadata message type=3902 [253 bytes] id=1 span=1 content=
<?xml version="1.0" encoding="UTF-8" ?>
<metadata>
<TIT2>14_HAM</TIT2>
<extension>
	<title seq="1">14_HAM</title>
	<title seq="2">manage</title>
	<title seq="3">manage</title>
	<title seq="4">manage</title>
	<soon>manage</soon>
</extension>
</metadata>

2011-09-22 06:49:00	I	msg:[SRC 127.0.0.1:47010 sid=1] Got complete metadata message type=3902 [277 bytes] id=1 span=1 content=
<?xml version="1.0" encoding="UTF-8" ?>
<metadata>
<TIT2>09_Who_Gon_Stop_Me</TIT2>
<extension>
	<title seq="1">09_Who_Gon_Stop_Me</title>
	<title seq="2">manage</title>
	<title seq="3">manage</title>
	<title seq="4">manage</title>
	<soon>manage</soon>
</extension>
</metadata>

2011-09-22 06:53:16	I	msg:[SRC 127.0.0.1:47010 sid=1] Got complete metadata message type=3902 [277 bytes] id=1 span=1 content=
<?xml version="1.0" encoding="UTF-8" ?>
<metadata>
<TIT2>09_Who_Gon_Stop_Me</TIT2>
<extension>
	<title seq="1">09_Who_Gon_Stop_Me</title>
	<title seq="2">manage</title>
	<title seq="3">manage</title>
	<title seq="4">manage</title>
	<soon>manage</soon>
</extension>
</metadata>

2011-09-22 06:57:33	I	msg:[SRC 127.0.0.1:47010 sid=1] Got complete metadata message type=3902 [291 bytes] id=1 span=1 content=
<?xml version="1.0" encoding="UTF-8" ?>
<metadata>
<TIT2>02_Lift_Off_feat__Beyonce</TIT2>
<extension>
	<title seq="1">02_Lift_Off_feat__Beyonce</title>
	<title seq="2">manage</title>
	<title seq="3">manage</title>
	<title seq="4">manage</title>
	<soon>manage</soon>
</extension>
</metadata>

2011-09-22 07:01:59	I	msg:[SRC 127.0.0.1:47010 sid=1] Got complete metadata message type=3902 [291 bytes] id=1 span=1 content=
<?xml version="1.0" encoding="UTF-8" ?>
<metadata>
<TIT2>02_Lift_Off_feat__Beyonce</TIT2>
<extension>
	<title seq="1">02_Lift_Off_feat__Beyonce</title>
	<title seq="2">manage</title>
	<title seq="3">manage</title>
	<title seq="4">manage</title>
	<soon>manage</soon>
</extension>
</metadata>

2011-09-22 07:06:26	I	msg:[SRC 127.0.0.1:47010 sid=1] Got complete metadata message type=3902 [291 bytes] id=1 span=1 content=
<?xml version="1.0" encoding="UTF-8" ?>
<metadata>
<TIT2>02_Lift_Off_feat__Beyonce</TIT2>
<extension>
	<title seq="1">02_Lift_Off_feat__Beyonce</title>
	<title seq="2">manage</title>
	<title seq="3">manage</title>
	<title seq="4">manage</title>
	<soon>manage</soon>
</extension>
</metadata>

2011-09-22 07:10:52	I	msg:[SRC 127.0.0.1:47010 sid=1] Got complete metadata message type=3902 [277 bytes] id=1 span=1 content=
<?xml version="1.0" encoding="UTF-8" ?>
<metadata>
<TIT2>09_Who_Gon_Stop_Me</TIT2>
<extension>
	<title seq="1">09_Who_Gon_Stop_Me</title>
	<title seq="2">manage</title>
	<title seq="3">manage</title>
	<title seq="4">manage</title>
	<soon>manage</soon>
</extension>
</metadata>

2011-09-22 07:15:09	I	msg:[SRC 127.0.0.1:47010 sid=1] Got complete metadata message type=3902 [253 bytes] id=1 span=1 content=
<?xml version="1.0" encoding="UTF-8" ?>
<metadata>
<TIT2>14_HAM</TIT2>
<extension>
	<title seq="1">14_HAM</title>
	<title seq="2">manage</title>
	<title seq="3">manage</title>
	<title seq="4">manage</title>
	<soon>manage</soon>
</extension>
</metadata>

2011-09-22 07:19:45	I	msg:[SRC 127.0.0.1:47010 sid=1] Got complete metadata message type=3902 [277 bytes] id=1 span=1 content=
<?xml version="1.0" encoding="UTF-8" ?>
<metadata>
<TIT2>09_Who_Gon_Stop_Me</TIT2>
<extension>
	<title seq="1">09_Who_Gon_Stop_Me</title>
	<title seq="2">manage</title>
	<title seq="3">manage</title>
	<title seq="4">manage</title>
	<soon>manage</soon>
</extension>
</metadata>

2011-09-22 07:24:01	I	msg:[SRC 127.0.0.1:47010 sid=1] Got complete metadata message type=3902 [253 bytes] id=1 span=1 content=
<?xml version="1.0" encoding="UTF-8" ?>
<metadata>
<TIT2>14_HAM</TIT2>
<extension>
	<title seq="1">14_HAM</title>
	<title seq="2">manage</title>
	<title seq="3">manage</title>
	<title seq="4">manage</title>
	<soon>manage</soon>
</extension>
</metadata>

2011-09-22 07:28:37	I	msg:[SRC 127.0.0.1:47010 sid=1] Got complete metadata message type=3902 [291 bytes] id=1 span=1 content=
<?xml version="1.0" encoding="UTF-8" ?>
<metadata>
<TIT2>02_Lift_Off_feat__Beyonce</TIT2>
<extension>
	<title seq="1">02_Lift_Off_feat__Beyonce</title>
	<title seq="2">manage</title>
	<title seq="3">manage</title>
	<title seq="4">manage</title>
	<soon>manage</soon>
</extension>
</metadata>

2011-09-22 07:33:04	I	msg:[SRC 127.0.0.1:47010 sid=1] Got complete metadata message type=3902 [277 bytes] id=1 span=1 content=
<?xml version="1.0" encoding="UTF-8" ?>
<metadata>
<TIT2>09_Who_Gon_Stop_Me</TIT2>
<extension>
	<title seq="1">09_Who_Gon_Stop_Me</title>
	<title seq="2">manage</title>
	<title seq="3">manage</title>
	<title seq="4">manage</title>
	<soon>manage</soon>
</extension>
</metadata>

2011-09-22 07:37:20	I	msg:[SRC 127.0.0.1:47010 sid=1] Got complete metadata message type=3902 [253 bytes] id=1 span=1 content=
<?xml version="1.0" encoding="UTF-8" ?>
<metadata>
<TIT2>14_HAM</TIT2>
<extension>
	<title seq="1">14_HAM</title>
	<title seq="2">manage</title>
	<title seq="3">manage</title>
	<title seq="4">manage</title>
	<soon>manage</soon>
</extension>
</metadata>

2011-09-22 07:41:57	I	msg:[SRC 127.0.0.1:47010 sid=1] Got complete metadata message type=3902 [277 bytes] id=1 span=1 content=
<?xml version="1.0" encoding="UTF-8" ?>
<metadata>
<TIT2>09_Who_Gon_Stop_Me</TIT2>
<extension>
	<title seq="1">09_Who_Gon_Stop_Me</title>
	<title seq="2">manage</title>
	<title seq="3">manage</title>
	<title seq="4">manage</title>
	<soon>manage</soon>
</extension>
</metadata>

2011-09-22 07:46:13	I	msg:[SRC 127.0.0.1:47010 sid=1] Got complete metadata message type=3902 [253 bytes] id=1 span=1 content=
<?xml version="1.0" encoding="UTF-8" ?>
<metadata>
<TIT2>14_HAM</TIT2>
<extension>
	<title seq="1">14_HAM</title>
	<title seq="2">manage</title>
	<title seq="3">manage</title>
	<title seq="4">manage</title>
	<soon>manage</soon>
</extension>
</metadata>

2011-09-22 07:50:49	I	msg:[SRC 127.0.0.1:47010 sid=1] Got complete metadata message type=3902 [291 bytes] id=1 span=1 content=
<?xml version="1.0" encoding="UTF-8" ?>
<metadata>
<TIT2>02_Lift_Off_feat__Beyonce</TIT2>
<extension>
	<title seq="1">02_Lift_Off_feat__Beyonce</title>
	<title seq="2">manage</title>
	<title seq="3">manage</title>
	<title seq="4">manage</title>
	<soon>manage</soon>
</extension>
</metadata>

2011-09-22 07:55:15	I	msg:[SRC 127.0.0.1:47010 sid=1] Got complete metadata message type=3902 [253 bytes] id=1 span=1 content=
<?xml version="1.0" encoding="UTF-8" ?>
<metadata>
<TIT2>14_HAM</TIT2>
<extension>
	<title seq="1">14_HAM</title>
	<title seq="2">manage</title>
	<title seq="3">manage</title>
	<title seq="4">manage</title>
	<soon>manage</soon>
</extension>
</metadata>

2011-09-22 07:59:51	I	msg:[SRC 127.0.0.1:47010 sid=1] Got complete metadata message type=3902 [277 bytes] id=1 span=1 content=
<?xml version="1.0" encoding="UTF-8" ?>
<metadata>
<TIT2>09_Who_Gon_Stop_Me</TIT2>
<extension>
	<title seq="1">09_Who_Gon_Stop_Me</title>
	<title seq="2">manage</title>
	<title seq="3">manage</title>
	<title seq="4">manage</title>
	<soon>manage</soon>
</extension>
</metadata>

2011-09-22 08:04:08	I	msg:[SRC 127.0.0.1:47010 sid=1] Got complete metadata message type=3902 [277 bytes] id=1 span=1 content=
<?xml version="1.0" encoding="UTF-8" ?>
<metadata>
<TIT2>09_Who_Gon_Stop_Me</TIT2>
<extension>
	<title seq="1">09_Who_Gon_Stop_Me</title>
	<title seq="2">manage</title>
	<title seq="3">manage</title>
	<title seq="4">manage</title>
	<soon>manage</soon>
</extension>
</metadata>

2011-09-22 08:08:24	I	msg:[SRC 127.0.0.1:47010 sid=1] Got complete metadata message type=3902 [291 bytes] id=1 span=1 content=
<?xml version="1.0" encoding="UTF-8" ?>
<metadata>
<TIT2>02_Lift_Off_feat__Beyonce</TIT2>
<extension>
	<title seq="1">02_Lift_Off_feat__Beyonce</title>
	<title seq="2">manage</title>
	<title seq="3">manage</title>
	<title seq="4">manage</title>
	<soon>manage</soon>
</extension>
</metadata>

2011-09-22 08:12:51	I	msg:[SRC 127.0.0.1:47010 sid=1] Got complete metadata message type=3902 [277 bytes] id=1 span=1 content=
<?xml version="1.0" encoding="UTF-8" ?>
<metadata>
<TIT2>09_Who_Gon_Stop_Me</TIT2>
<extension>
	<title seq="1">09_Who_Gon_Stop_Me</title>
	<title seq="2">manage</title>
	<title seq="3">manage</title>
	<title seq="4">manage</title>
	<soon>manage</soon>
</extension>
</metadata>

2011-09-22 08:17:07	I	msg:[SRC 127.0.0.1:47010 sid=1] Got complete metadata message type=3902 [291 bytes] id=1 span=1 content=
<?xml version="1.0" encoding="UTF-8" ?>
<metadata>
<TIT2>02_Lift_Off_feat__Beyonce</TIT2>
<extension>
	<title seq="1">02_Lift_Off_feat__Beyonce</title>
	<title seq="2">manage</title>
	<title seq="3">manage</title>
	<title seq="4">manage</title>
	<soon>manage</soon>
</extension>
</metadata>

2011-09-22 08:21:34	I	msg:[SRC 127.0.0.1:47010 sid=1] Got complete metadata message type=3902 [277 bytes] id=1 span=1 content=
<?xml version="1.0" encoding="UTF-8" ?>
<metadata>
<TIT2>09_Who_Gon_Stop_Me</TIT2>
<extension>
	<title seq="1">09_Who_Gon_Stop_Me</title>
	<title seq="2">manage</title>
	<title seq="3">manage</title>
	<title seq="4">manage</title>
	<soon>manage</soon>
</extension>
</metadata>

2011-09-22 08:25:51	I	msg:[SRC 127.0.0.1:47010 sid=1] Got complete metadata message type=3902 [291 bytes] id=1 span=1 content=
<?xml version="1.0" encoding="UTF-8" ?>
<metadata>
<TIT2>02_Lift_Off_feat__Beyonce</TIT2>
<extension>
	<title seq="1">02_Lift_Off_feat__Beyonce</title>
	<title seq="2">manage</title>
	<title seq="3">manage</title>
	<title seq="4">manage</title>
	<soon>manage</soon>
</extension>
</metadata>

2011-09-22 08:30:17	I	msg:[SRC 127.0.0.1:47010 sid=1] Got complete metadata message type=3902 [253 bytes] id=1 span=1 content=
<?xml version="1.0" encoding="UTF-8" ?>
<metadata>
<TIT2>14_HAM</TIT2>
<extension>
	<title seq="1">14_HAM</title>
	<title seq="2">manage</title>
	<title seq="3">manage</title>
	<title seq="4">manage</title>
	<soon>manage</soon>
</extension>
</metadata>

2011-09-22 08:34:53	I	msg:[SRC 127.0.0.1:47010 sid=1] Got complete metadata message type=3902 [277 bytes] id=1 span=1 content=
<?xml version="1.0" encoding="UTF-8" ?>
<metadata>
<TIT2>09_Who_Gon_Stop_Me</TIT2>
<extension>
	<title seq="1">09_Who_Gon_Stop_Me</title>
	<title seq="2">manage</title>
	<title seq="3">manage</title>
	<title seq="4">manage</title>
	<soon>manage</soon>
</extension>
</metadata>

2011-09-22 08:39:10	I	msg:[SRC 127.0.0.1:47010 sid=1] Got complete metadata message type=3902 [277 bytes] id=1 span=1 content=
<?xml version="1.0" encoding="UTF-8" ?>
<metadata>
<TIT2>09_Who_Gon_Stop_Me</TIT2>
<extension>
	<title seq="1">09_Who_Gon_Stop_Me</title>
	<title seq="2">manage</title>
	<title seq="3">manage</title>
	<title seq="4">manage</title>
	<soon>manage</soon>
</extension>
</metadata>

2011-09-22 08:43:26	I	msg:[SRC 127.0.0.1:47010 sid=1] Got complete metadata message type=3902 [291 bytes] id=1 span=1 content=
<?xml version="1.0" encoding="UTF-8" ?>
<metadata>
<TIT2>02_Lift_Off_feat__Beyonce</TIT2>
<extension>
	<title seq="1">02_Lift_Off_feat__Beyonce</title>
	<title seq="2">manage</title>
	<title seq="3">manage</title>
	<title seq="4">manage</title>
	<soon>manage</soon>
</extension>
</metadata>

2011-09-22 08:47:53	I	msg:[SRC 127.0.0.1:47010 sid=1] Got complete metadata message type=3902 [277 bytes] id=1 span=1 content=
<?xml version="1.0" encoding="UTF-8" ?>
<metadata>
<TIT2>09_Who_Gon_Stop_Me</TIT2>
<extension>
	<title seq="1">09_Who_Gon_Stop_Me</title>
	<title seq="2">manage</title>
	<title seq="3">manage</title>
	<title seq="4">manage</title>
	<soon>manage</soon>
</extension>
</metadata>

2011-09-22 08:52:10	I	msg:[SRC 127.0.0.1:47010 sid=1] Got complete metadata message type=3902 [291 bytes] id=1 span=1 content=
<?xml version="1.0" encoding="UTF-8" ?>
<metadata>
<TIT2>02_Lift_Off_feat__Beyonce</TIT2>
<extension>
	<title seq="1">02_Lift_Off_feat__Beyonce</title>
	<title seq="2">manage</title>
	<title seq="3">manage</title>
	<title seq="4">manage</title>
	<soon>manage</soon>
</extension>
</metadata>

2011-09-22 08:56:36	I	msg:[SRC 127.0.0.1:47010 sid=1] Got complete metadata message type=3902 [277 bytes] id=1 span=1 content=
<?xml version="1.0" encoding="UTF-8" ?>
<metadata>
<TIT2>09_Who_Gon_Stop_Me</TIT2>
<extension>
	<title seq="1">09_Who_Gon_Stop_Me</title>
	<title seq="2">manage</title>
	<title seq="3">manage</title>
	<title seq="4">manage</title>
	<soon>manage</soon>
</extension>
</metadata>

2011-09-22 09:00:53	I	msg:[SRC 127.0.0.1:47010 sid=1] Got complete metadata message type=3902 [291 bytes] id=1 span=1 content=
<?xml version="1.0" encoding="UTF-8" ?>
<metadata>
<TIT2>02_Lift_Off_feat__Beyonce</TIT2>
<extension>
	<title seq="1">02_Lift_Off_feat__Beyonce</title>
	<title seq="2">manage</title>
	<title seq="3">manage</title>
	<title seq="4">manage</title>
	<soon>manage</soon>
</extension>
</metadata>

2011-09-22 09:05:19	I	msg:[SRC 127.0.0.1:47010 sid=1] Got complete metadata message type=3902 [253 bytes] id=1 span=1 content=
<?xml version="1.0" encoding="UTF-8" ?>
<metadata>
<TIT2>14_HAM</TIT2>
<extension>
	<title seq="1">14_HAM</title>
	<title seq="2">manage</title>
	<title seq="3">manage</title>
	<title seq="4">manage</title>
	<soon>manage</soon>
</extension>
</metadata>

2011-09-22 09:09:54	I	msg:[SRC 127.0.0.1:47010 sid=1] Got complete metadata message type=3902 [277 bytes] id=1 span=1 content=
<?xml version="1.0" encoding="UTF-8" ?>
<metadata>
<TIT2>09_Who_Gon_Stop_Me</TIT2>
<extension>
	<title seq="1">09_Who_Gon_Stop_Me</title>
	<title seq="2">manage</title>
	<title seq="3">manage</title>
	<title seq="4">manage</title>
	<soon>manage</soon>
</extension>
</metadata>

2011-09-22 09:14:12	I	msg:[SRC 127.0.0.1:47010 sid=1] Got complete metadata message type=3902 [277 bytes] id=1 span=1 content=
<?xml version="1.0" encoding="UTF-8" ?>
<metadata>
<TIT2>09_Who_Gon_Stop_Me</TIT2>
<extension>
	<title seq="1">09_Who_Gon_Stop_Me</title>
	<title seq="2">manage</title>
	<title seq="3">manage</title>
	<title seq="4">manage</title>
	<soon>manage</soon>
</extension>
</metadata>

2011-09-22 09:16:44	E	msg:[SRC 127.0.0.1:47010 sid=1] Remote socket closed while waiting for data
